2026-03-31T16:38:26.550Z [ERROR]: MongoDB connection error: bad auth : Authentication failed.
2026-03-31T16:38:26.558Z [INFO]: Server is running on port 5000
2026-03-31T16:39:19.010Z [ERROR]: MongoDB connection error: bad auth : Authentication failed.
2026-03-31T16:39:19.015Z [INFO]: Server is running on port 3000
2026-03-31T16:39:52.988Z [ERROR]: MongoDB connection error: bad auth : Authentication failed.
2026-03-31T16:39:52.999Z [INFO]: Server is running on port 3000
2026-03-31T16:41:14.354Z [ERROR]: MongoDB connection error: bad auth : Authentication failed.
2026-03-31T16:41:14.365Z [INFO]: Server is running on port 3000
2026-03-31T16:41:40.732Z [ERROR]: MongoDB connection error: bad auth : Authentication failed.
2026-03-31T16:41:40.738Z [INFO]: Server is running on port 3000
2026-03-31T16:42:28.673Z [ERROR]: MongoDB connection error: bad auth : Authentication failed.
2026-03-31T16:42:28.678Z [INFO]: Server is running on port 3000
2026-03-31T16:43:56.657Z [ERROR]: MongoDB connection error: bad auth : Authentication failed.
2026-03-31T16:43:56.662Z [INFO]: Server is running on port 3000
2026-03-31T16:44:39.868Z [ERROR]: MongoDB connection error: bad auth : Authentication failed.
2026-03-31T16:44:39.873Z [INFO]: Server is running on port 3000
2026-03-31T16:46:42.912Z [ERROR]: MongoDB connection error: bad auth : Authentication failed.
2026-03-31T16:46:42.918Z [INFO]: Server is running on port 5000
2026-03-31T16:49:27.477Z [ERROR]: MongoDB connection error: bad auth : Authentication failed.
2026-03-31T16:49:27.484Z [INFO]: Server is running on port 5000
2026-03-31T16:50:39.705Z [ERROR]: MongoDB connection error: bad auth : Authentication failed.
2026-03-31T16:50:39.717Z [INFO]: Server is running on port 5000
2026-03-31T16:53:01.777Z [ERROR]: MongoDB connection error: bad auth : Authentication failed.
2026-03-31T16:53:01.782Z [INFO]: Server is running on port 5000
2026-03-31T17:08:43.657Z [INFO]: MongoDB connected successfully
2026-03-31T17:08:43.669Z [INFO]: Server is running on port 5000
2026-03-31T17:09:09.089Z [INFO]: MongoDB connected successfully
2026-03-31T17:09:09.105Z [INFO]: Server is running on port 5000
2026-04-01T04:20:01.125Z [ERROR]: logger is not defined
2026-04-01T04:20:23.772Z [INFO]: MongoDB connected successfully
2026-04-01T04:20:23.780Z [INFO]: Server is running on port 5000
2026-04-01T04:24:18.936Z [INFO]: MongoDB connected successfully
2026-04-01T04:24:18.942Z [INFO]: Server is running on port 5000
2026-04-03T14:05:12.606Z [INFO]: MongoDB connected successfully
2026-04-03T14:05:12.630Z [INFO]: Server is running on port 5000
2026-04-03T14:11:50.500Z [INFO]: MongoDB connected successfully
2026-04-03T14:11:50.523Z [INFO]: Server is running on port 5000
2026-04-03T14:12:05.176Z [INFO]: MongoDB connected successfully
2026-04-03T14:12:05.201Z [INFO]: Server is running on port 5000
2026-04-03T14:12:22.022Z [INFO]: MongoDB connected successfully
2026-04-03T14:12:22.028Z [INFO]: Server is running on port 5000
2026-04-03T14:12:28.045Z [INFO]: MongoDB connected successfully
2026-04-03T14:12:28.051Z [INFO]: Server is running on port 5000
2026-04-03T14:12:33.314Z [INFO]: MongoDB connected successfully
2026-04-03T14:12:33.320Z [INFO]: Server is running on port 5000
2026-04-03T14:12:43.526Z [INFO]: MongoDB connected successfully
2026-04-03T14:12:43.538Z [INFO]: Server is running on port 5000
2026-04-03T14:13:01.271Z [INFO]: MongoDB connected successfully
2026-04-03T14:13:01.277Z [INFO]: Server is running on port 5000
2026-04-03T14:13:09.005Z [INFO]: MongoDB connected successfully
2026-04-03T14:13:09.017Z [INFO]: Server is running on port 5000
2026-04-03T14:13:55.813Z [INFO]: MongoDB connected successfully
2026-04-03T14:13:55.818Z [INFO]: Server is running on port 5000
2026-04-03T14:14:41.116Z [INFO]: MongoDB connected successfully
2026-04-03T14:14:41.122Z [INFO]: Server is running on port 5000
2026-04-03T14:14:53.215Z [INFO]: MongoDB connected successfully
2026-04-03T14:14:53.221Z [INFO]: Server is running on port 5000
2026-04-03T14:15:08.146Z [INFO]: MongoDB connected successfully
2026-04-03T14:15:08.161Z [INFO]: Server is running on port 5000
2026-04-03T14:15:59.571Z [INFO]: MongoDB connected successfully
2026-04-03T14:15:59.577Z [INFO]: Server is running on port 5000
2026-04-03T14:16:37.147Z [INFO]: MongoDB connected successfully
2026-04-03T14:16:37.271Z [INFO]: Server is running on port 5000
2026-04-03T14:17:13.998Z [INFO]: MongoDB connected successfully
2026-04-03T14:17:14.004Z [INFO]: Server is running on port 5000
2026-04-03T14:18:03.830Z [INFO]: MongoDB connected successfully
2026-04-03T14:18:03.838Z [INFO]: Server is running on port 5000
2026-04-03T14:18:48.183Z [INFO]: MongoDB connected successfully
2026-04-03T14:18:48.195Z [INFO]: Server is running on port 5000
2026-04-03T14:19:17.698Z [INFO]: MongoDB connected successfully
2026-04-03T14:19:17.704Z [INFO]: Server is running on port 5000
2026-04-03T14:19:42.664Z [INFO]: MongoDB connected successfully
2026-04-03T14:19:42.675Z [INFO]: Server is running on port 5000
2026-04-03T14:19:51.532Z [INFO]: MongoDB connected successfully
2026-04-03T14:19:51.542Z [INFO]: Server is running on port 5000
2026-04-03T14:20:08.337Z [INFO]: MongoDB connected successfully
2026-04-03T14:20:08.344Z [INFO]: Server is running on port 5000
2026-04-03T14:20:16.156Z [INFO]: MongoDB connected successfully
2026-04-03T14:20:16.164Z [INFO]: Server is running on port 5000
2026-04-03T14:20:40.881Z [INFO]: MongoDB connected successfully
2026-04-03T14:20:40.895Z [INFO]: Server is running on port 5000
2026-04-03T15:00:31.900Z [INFO]: MongoDB connected successfully
2026-04-03T15:00:31.909Z [INFO]: Server is running on port 5000
2026-04-03T15:01:03.010Z [INFO]: MongoDB connected successfully
2026-04-03T15:01:03.016Z [INFO]: Server is running on port 5000
2026-04-03T15:01:14.660Z [INFO]: MongoDB connected successfully
2026-04-03T15:01:14.666Z [INFO]: Server is running on port 5000
2026-04-03T15:01:25.938Z [INFO]: MongoDB connected successfully
2026-04-03T15:01:25.950Z [INFO]: Server is running on port 5000
2026-04-03T15:01:43.693Z [INFO]: MongoDB connected successfully
2026-04-03T15:01:43.705Z [INFO]: Server is running on port 5000
2026-04-03T15:01:49.112Z [INFO]: MongoDB connected successfully
2026-04-03T15:01:49.118Z [INFO]: Server is running on port 5000
2026-04-03T15:02:03.909Z [INFO]: MongoDB connected successfully
2026-04-03T15:02:03.928Z [INFO]: Server is running on port 5000
2026-04-03T15:02:21.790Z [INFO]: MongoDB connected successfully
2026-04-03T15:02:21.797Z [INFO]: Server is running on port 5000
2026-04-03T15:02:49.272Z [INFO]: MongoDB connected successfully
2026-04-03T15:02:49.279Z [INFO]: Server is running on port 5000
2026-04-03T15:03:00.495Z [INFO]: MongoDB connected successfully
2026-04-03T15:03:00.507Z [INFO]: Server is running on port 5000
2026-04-03T15:03:07.622Z [INFO]: MongoDB connected successfully
2026-04-03T15:03:07.627Z [INFO]: Server is running on port 5000
2026-04-03T15:03:11.694Z [INFO]: MongoDB connected successfully
2026-04-03T15:03:11.699Z [INFO]: Server is running on port 5000
2026-04-03T15:03:35.510Z [INFO]: MongoDB connected successfully
2026-04-03T15:03:35.518Z [INFO]: Server is running on port 5000
2026-04-03T15:04:07.280Z [INFO]: MongoDB connected successfully
2026-04-03T15:04:07.294Z [INFO]: Server is running on port 5000
2026-04-03T15:04:19.859Z [INFO]: MongoDB connected successfully
2026-04-03T15:04:19.872Z [INFO]: Server is running on port 5000
2026-04-03T15:05:28.519Z [INFO]: MongoDB connected successfully
2026-04-03T15:05:28.525Z [INFO]: Server is running on port 5000
2026-04-05T05:24:03.337Z [INFO]: MongoDB connected successfully
2026-04-05T05:24:03.349Z [INFO]: Server is running on port 5000
2026-04-05T05:25:09.030Z [INFO]: MongoDB connected successfully
2026-04-05T05:25:09.037Z [INFO]: Server is running on port 5000
2026-04-05T05:25:47.344Z [INFO]: MongoDB connected successfully
2026-04-05T05:25:47.351Z [INFO]: Server is running on port 5000
2026-04-05T05:26:19.463Z [INFO]: MongoDB connected successfully
2026-04-05T05:26:19.471Z [INFO]: Server is running on port 5000
2026-04-05T05:26:43.599Z [INFO]: MongoDB connected successfully
2026-04-05T05:26:43.614Z [INFO]: Server is running on port 5000
2026-04-05T05:27:26.934Z [INFO]: MongoDB connected successfully
2026-04-05T05:27:26.942Z [INFO]: Server is running on port 5000
2026-04-05T05:27:37.047Z [INFO]: MongoDB connected successfully
2026-04-05T05:27:37.057Z [INFO]: Server is running on port 5000
2026-04-05T05:27:43.499Z [INFO]: MongoDB connected successfully
2026-04-05T05:27:43.510Z [INFO]: Server is running on port 5000
2026-04-05T05:29:20.011Z [INFO]: MongoDB connected successfully
2026-04-05T05:29:20.019Z [INFO]: Server is running on port 5000
2026-04-05T05:29:35.257Z [INFO]: MongoDB connected successfully
2026-04-05T05:29:35.264Z [INFO]: Server is running on port 5000
2026-04-05T05:29:50.995Z [INFO]: MongoDB connected successfully
2026-04-05T05:29:51.008Z [INFO]: Server is running on port 5000
2026-04-05T05:29:54.724Z [INFO]: MongoDB connected successfully
2026-04-05T05:29:54.731Z [INFO]: Server is running on port 5000
2026-04-05T05:30:09.634Z [INFO]: MongoDB connected successfully
2026-04-05T05:30:09.643Z [INFO]: Server is running on port 5000
2026-04-05T05:30:52.519Z [INFO]: MongoDB connected successfully
2026-04-05T05:30:52.526Z [INFO]: Server is running on port 5000
2026-04-05T05:31:06.467Z [INFO]: MongoDB connected successfully
2026-04-05T05:31:06.474Z [INFO]: Server is running on port 5000
2026-04-05T05:31:49.887Z [INFO]: MongoDB connected successfully
2026-04-05T05:31:49.896Z [INFO]: Server is running on port 5000
2026-04-05T05:32:08.217Z [INFO]: MongoDB connected successfully
2026-04-05T05:32:08.228Z [INFO]: Server is running on port 5000
2026-04-05T05:32:28.755Z [INFO]: MongoDB connected successfully
2026-04-05T05:32:28.772Z [INFO]: Server is running on port 5000
2026-04-05T05:32:49.575Z [INFO]: MongoDB connected successfully
2026-04-05T05:32:49.582Z [INFO]: Server is running on port 5000
2026-04-05T05:33:02.557Z [INFO]: MongoDB connected successfully
2026-04-05T05:33:02.564Z [INFO]: Server is running on port 5000
2026-04-05T05:34:49.614Z [INFO]: MongoDB connected successfully
2026-04-05T05:34:49.624Z [INFO]: Server is running on port 5000
2026-04-05T05:55:40.447Z [INFO]: MongoDB connected successfully
2026-04-05T05:55:40.455Z [INFO]: Server is running on port 5000
2026-04-05T05:56:18.412Z [INFO]: MongoDB connected successfully
2026-04-05T05:56:18.423Z [INFO]: Server is running on port 5000
2026-04-05T05:56:27.545Z [INFO]: MongoDB connected successfully
2026-04-05T05:56:27.557Z [INFO]: Server is running on port 5000
2026-04-05T05:57:03.239Z [INFO]: MongoDB connected successfully
2026-04-05T05:57:03.248Z [INFO]: Server is running on port 5000
2026-04-05T05:57:45.556Z [INFO]: MongoDB connected successfully
2026-04-05T05:57:45.564Z [INFO]: Server is running on port 5000
2026-04-05T05:58:05.170Z [INFO]: MongoDB connected successfully
2026-04-05T05:58:05.185Z [INFO]: Server is running on port 5000
2026-04-05T05:58:38.883Z [INFO]: MongoDB connected successfully
2026-04-05T05:58:38.896Z [INFO]: Server is running on port 5000
2026-04-05T05:58:48.343Z [INFO]: MongoDB connected successfully
2026-04-05T05:58:48.352Z [INFO]: Server is running on port 5000
2026-04-05T06:00:58.086Z [INFO]: MongoDB connected successfully
2026-04-05T06:00:58.109Z [INFO]: Server is running on port 5000
2026-04-05T06:01:14.714Z [INFO]: MongoDB connected successfully
2026-04-05T06:01:14.723Z [INFO]: Server is running on port 5000
2026-04-05T06:02:38.409Z [INFO]: MongoDB connected successfully
2026-04-05T06:02:38.416Z [INFO]: Server is running on port 5000
2026-04-05T06:02:43.162Z [INFO]: MongoDB connected successfully
2026-04-05T06:02:43.172Z [INFO]: Server is running on port 5000
2026-04-05T06:02:54.392Z [INFO]: MongoDB connected successfully
2026-04-05T06:02:54.400Z [INFO]: Server is running on port 5000
2026-04-05T06:03:26.034Z [INFO]: MongoDB connected successfully
2026-04-05T06:03:26.044Z [INFO]: Server is running on port 5000
2026-04-05T06:03:29.678Z [INFO]: MongoDB connected successfully
2026-04-05T06:03:29.687Z [INFO]: Server is running on port 5000
2026-04-05T06:07:31.149Z [INFO]: MongoDB connected successfully
2026-04-05T06:07:31.159Z [INFO]: Server is running on port 5000
2026-04-05T06:07:52.936Z [INFO]: MongoDB connected successfully
2026-04-05T06:07:52.944Z [INFO]: Server is running on port 5000
2026-04-05T06:07:57.357Z [INFO]: MongoDB connected successfully
2026-04-05T06:07:57.365Z [INFO]: Server is running on port 5000
2026-04-05T06:10:07.128Z [INFO]: MongoDB connected successfully
2026-04-05T06:10:07.148Z [INFO]: Server is running on port 5000
2026-04-05T06:17:35.245Z [INFO]: MongoDB connected successfully
2026-04-05T06:17:35.255Z [INFO]: Server is running on port 5000
2026-04-05T06:17:57.136Z [INFO]: MongoDB connected successfully
2026-04-05T06:17:57.152Z [INFO]: Server is running on port 5000
2026-04-05T06:18:04.845Z [INFO]: MongoDB connected successfully
2026-04-05T06:18:04.852Z [INFO]: Server is running on port 5000
2026-04-05T06:18:15.803Z [INFO]: MongoDB connected successfully
2026-04-05T06:18:15.818Z [INFO]: Server is running on port 5000
2026-04-05T06:18:30.052Z [INFO]: MongoDB connected successfully
2026-04-05T06:18:30.063Z [INFO]: Server is running on port 5000
2026-04-05T06:18:40.889Z [INFO]: MongoDB connected successfully
2026-04-05T06:18:40.896Z [INFO]: Server is running on port 5000
2026-04-05T07:35:03.246Z [INFO]: MongoDB connected successfully
2026-04-05T07:35:03.255Z [INFO]: Server is running on port 5000
2026-04-05T07:38:51.635Z [INFO]: MongoDB connected successfully
2026-04-05T07:38:51.644Z [INFO]: Server is running on port 5000
2026-04-05T07:39:54.586Z [INFO]: MongoDB connected successfully
2026-04-05T07:39:54.597Z [INFO]: Server is running on port 5000
2026-04-05T07:40:33.390Z [INFO]: MongoDB connected successfully
2026-04-05T07:40:33.398Z [INFO]: Server is running on port 5000
2026-04-05T07:40:50.081Z [INFO]: MongoDB connected successfully
2026-04-05T07:40:50.089Z [INFO]: Server is running on port 5000
2026-04-05T07:41:00.911Z [INFO]: MongoDB connected successfully
2026-04-05T07:41:00.919Z [INFO]: Server is running on port 5000
2026-04-05T07:41:12.154Z [INFO]: MongoDB connected successfully
2026-04-05T07:41:12.163Z [INFO]: Server is running on port 5000
2026-04-05T07:41:28.013Z [INFO]: MongoDB connected successfully
2026-04-05T07:41:28.021Z [INFO]: Server is running on port 5000
2026-04-05T07:41:32.925Z [INFO]: MongoDB connected successfully
2026-04-05T07:41:32.932Z [INFO]: Server is running on port 5000
2026-04-05T07:41:46.965Z [INFO]: MongoDB connected successfully
2026-04-05T07:41:46.975Z [INFO]: Server is running on port 5000
2026-04-05T07:42:03.714Z [INFO]: MongoDB connected successfully
2026-04-05T07:42:03.723Z [INFO]: Server is running on port 5000
2026-04-05T07:42:09.273Z [INFO]: MongoDB connected successfully
2026-04-05T07:42:09.282Z [INFO]: Server is running on port 5000
2026-04-05T07:42:22.160Z [INFO]: MongoDB connected successfully
2026-04-05T07:42:22.174Z [INFO]: Server is running on port 5000
2026-04-05T07:42:49.868Z [INFO]: MongoDB connected successfully
2026-04-05T07:42:49.889Z [INFO]: Server is running on port 5000
2026-04-14T05:25:27.999Z [ERROR]: Redis Client Error
2026-04-14T05:25:28.367Z [ERROR]: Redis Client Error
2026-04-14T05:25:28.633Z [ERROR]: Redis Client Error
2026-04-14T05:25:28.719Z [INFO]: MongoDB connected successfully
2026-04-14T05:25:28.729Z [INFO]: Server is running on port 5000
2026-04-14T05:25:28.913Z [ERROR]: Redis Client Error
2026-04-14T05:25:29.396Z [ERROR]: Redis Client Error
2026-04-14T05:25:30.383Z [ERROR]: Redis Client Error
2026-04-14T05:25:32.073Z [ERROR]: Redis Client Error
2026-04-14T05:25:34.219Z [ERROR]: Redis Client Error
2026-04-14T05:25:36.384Z [ERROR]: Redis Client Error
2026-04-14T05:25:38.441Z [ERROR]: Redis Client Error
2026-04-14T05:25:40.511Z [ERROR]: Redis Client Error
2026-04-14T05:25:42.541Z [ERROR]: Redis Client Error
2026-04-14T05:25:44.741Z [ERROR]: Redis Client Error
2026-04-14T05:25:46.886Z [ERROR]: Redis Client Error
2026-04-14T05:25:49.095Z [ERROR]: Redis Client Error
2026-04-14T05:25:51.274Z [ERROR]: Redis Client Error
2026-04-14T05:25:53.415Z [ERROR]: Redis Client Error
2026-04-14T05:25:55.518Z [ERROR]: Redis Client Error
2026-04-14T05:25:57.644Z [ERROR]: Redis Client Error
2026-04-14T05:25:59.727Z [ERROR]: Redis Client Error
2026-04-14T05:26:01.782Z [ERROR]: Redis Client Error
2026-04-14T05:26:03.862Z [ERROR]: Redis Client Error
2026-04-14T05:26:13.777Z [ERROR]: Redis Client Error
2026-04-14T05:26:14.103Z [ERROR]: Redis Client Error
2026-04-14T05:26:14.225Z [ERROR]: Redis Client Error
2026-04-14T05:26:14.523Z [ERROR]: Redis Client Error
2026-04-14T05:26:14.685Z [INFO]: MongoDB connected successfully
2026-04-14T05:26:14.700Z [INFO]: Server is running on port 5000
2026-04-14T05:26:15.140Z [ERROR]: Redis Client Error
2026-04-14T05:26:16.126Z [ERROR]: Redis Client Error
2026-04-14T05:26:17.802Z [ERROR]: Redis Client Error
2026-04-14T05:26:19.868Z [ERROR]: Redis Client Error
2026-04-14T05:26:22.021Z [ERROR]: Redis Client Error
2026-04-14T05:26:24.185Z [ERROR]: Redis Client Error
2026-04-14T05:26:26.330Z [ERROR]: Redis Client Error
2026-04-14T05:26:28.398Z [INFO]: Redis connected successfully
2026-04-14T05:26:53.371Z [INFO]: Redis connected successfully
2026-04-14T05:26:54.207Z [INFO]: MongoDB connected successfully
2026-04-14T05:26:54.213Z [INFO]: Server is running on port 5000
2026-04-14T05:29:04.977Z [INFO]: Redis connected successfully
2026-04-14T05:29:05.662Z [INFO]: MongoDB connected successfully
2026-04-14T05:29:05.672Z [INFO]: Server is running on port 5000
2026-04-14T05:33:20.628Z [INFO]: Redis connected successfully
2026-04-14T05:33:21.340Z [INFO]: MongoDB connected successfully
2026-04-14T05:33:21.349Z [INFO]: Server is running on port 5000
2026-04-14T05:35:00.044Z [INFO]: Redis connected successfully
2026-04-14T05:35:00.679Z [INFO]: MongoDB connected successfully
2026-04-14T05:35:00.694Z [INFO]: Server is running on port 5000
2026-04-14T05:44:39.569Z [INFO]: Redis connected successfully
2026-04-14T05:44:40.292Z [INFO]: MongoDB connected successfully
2026-04-14T05:44:40.310Z [INFO]: Server is running on port 5000
2026-04-14T05:45:19.127Z [INFO]: Redis connected successfully
2026-04-14T05:45:19.703Z [INFO]: MongoDB connected successfully
2026-04-14T05:45:19.710Z [INFO]: Server is running on port 5000
2026-04-14T05:45:28.089Z [INFO]: Redis connected successfully
2026-04-14T05:45:28.709Z [INFO]: MongoDB connected successfully
2026-04-14T05:45:28.717Z [INFO]: Server is running on port 5000
2026-04-14T05:46:21.265Z [INFO]: Redis connected successfully
2026-04-14T05:46:22.115Z [INFO]: MongoDB connected successfully
2026-04-14T05:46:22.120Z [INFO]: Server is running on port 5000
2026-04-14T05:56:09.225Z [INFO]: Redis connected successfully
2026-04-14T05:56:09.997Z [INFO]: MongoDB connected successfully
2026-04-14T05:56:10.007Z [INFO]: Server is running on port 5000
2026-04-14T06:03:11.076Z [INFO]: Redis connected successfully
2026-04-14T06:03:11.749Z [INFO]: MongoDB connected successfully
2026-04-14T06:03:11.762Z [INFO]: Server is running on port 5000
2026-04-14T06:04:27.074Z [INFO]: Redis connected successfully
2026-04-14T06:04:31.721Z [INFO]: MongoDB connected successfully
2026-04-14T06:04:31.732Z [INFO]: Server is running on port 5000
2026-04-14T06:06:19.455Z [INFO]: Redis connected successfully
2026-04-14T06:06:20.050Z [INFO]: MongoDB connected successfully
2026-04-14T06:06:20.059Z [INFO]: Server is running on port 5000
2026-04-14T06:07:19.809Z [INFO]: Redis connected successfully
2026-04-14T06:07:20.491Z [INFO]: MongoDB connected successfully
2026-04-14T06:07:20.499Z [INFO]: Server is running on port 5000
2026-04-14T06:08:47.649Z [INFO]: Redis connected successfully
2026-04-14T06:08:48.365Z [INFO]: MongoDB connected successfully
2026-04-14T06:08:48.378Z [INFO]: Server is running on port 5000
2026-04-14T06:14:21.580Z [INFO]: Redis connected successfully
2026-04-14T06:14:22.273Z [INFO]: MongoDB connected successfully
2026-04-14T06:14:22.280Z [INFO]: Server is running on port 5000
2026-04-14T06:22:56.708Z [INFO]: Redis connected successfully
2026-04-14T06:22:57.428Z [INFO]: MongoDB connected successfully
2026-04-14T06:22:57.441Z [INFO]: Server is running on port 5000
2026-04-14T06:24:10.742Z [INFO]: Redis connected successfully
2026-04-14T06:24:11.767Z [INFO]: MongoDB connected successfully
2026-04-14T06:24:11.773Z [INFO]: Server is running on port 5000
2026-04-14T06:25:17.682Z [INFO]: Redis connected successfully
2026-04-14T06:25:18.297Z [INFO]: MongoDB connected successfully
2026-04-14T06:25:18.315Z [INFO]: Server is running on port 5000
2026-04-14T06:28:27.375Z [INFO]: Redis connected successfully
2026-04-14T06:28:29.213Z [INFO]: MongoDB connected successfully
2026-04-14T06:28:29.226Z [INFO]: Server is running on port 5000
2026-04-14T06:29:26.312Z [INFO]: Redis connected successfully
2026-04-14T06:29:26.849Z [INFO]: MongoDB connected successfully
2026-04-14T06:29:26.858Z [INFO]: Server is running on port 5000
2026-04-14T06:31:33.241Z [INFO]: Redis connected successfully
2026-04-14T06:31:34.098Z [INFO]: MongoDB connected successfully
2026-04-14T06:31:34.114Z [INFO]: Server is running on port 5000
2026-04-14T06:32:08.165Z [INFO]: Redis connected successfully
2026-04-14T06:32:08.678Z [INFO]: MongoDB connected successfully
2026-04-14T06:32:08.685Z [INFO]: Server is running on port 5000
2026-04-14T06:32:21.831Z [INFO]: Redis connected successfully
2026-04-14T06:32:22.509Z [INFO]: MongoDB connected successfully
2026-04-14T06:32:22.546Z [INFO]: Server is running on port 5000
2026-04-14T06:36:55.135Z [INFO]: Redis connected successfully
2026-04-14T06:36:55.829Z [INFO]: MongoDB connected successfully
2026-04-14T06:36:55.841Z [INFO]: Server is running on port 5000
2026-04-14T06:39:34.663Z [INFO]: Redis connected successfully
2026-04-14T06:39:35.168Z [INFO]: MongoDB connected successfully
2026-04-14T06:39:35.183Z [INFO]: Server is running on port 5000
2026-04-14T06:40:19.351Z [INFO]: Redis connected successfully
2026-04-14T06:40:19.825Z [INFO]: MongoDB connected successfully
2026-04-14T06:40:19.848Z [INFO]: Server is running on port 5000
2026-04-14T06:40:46.537Z [INFO]: Redis connected successfully
2026-04-14T06:40:47.240Z [INFO]: MongoDB connected successfully
2026-04-14T06:40:47.247Z [INFO]: Server is running on port 5000
2026-04-14T06:43:30.403Z [INFO]: Redis connected successfully
2026-04-14T06:43:30.980Z [INFO]: MongoDB connected successfully
2026-04-14T06:43:31.008Z [INFO]: Server is running on port 5000
2026-04-14T06:49:45.804Z [INFO]: Redis connected successfully
2026-04-14T06:49:46.564Z [INFO]: MongoDB connected successfully
2026-04-14T06:49:46.612Z [INFO]: Server is running on port 5000
2026-04-14T06:50:18.367Z [INFO]: Redis connected successfully
2026-04-14T06:50:18.814Z [INFO]: MongoDB connected successfully
2026-04-14T06:50:18.820Z [INFO]: Server is running on port 5000
2026-04-14T06:51:14.185Z [INFO]: Redis connected successfully
2026-04-14T06:51:15.212Z [INFO]: MongoDB connected successfully
2026-04-14T06:51:15.220Z [INFO]: Server is running on port 5000
2026-04-14T06:51:24.144Z [INFO]: Redis connected successfully
2026-04-14T06:51:24.745Z [INFO]: MongoDB connected successfully
2026-04-14T06:51:24.751Z [INFO]: Server is running on port 5000
2026-04-14T06:56:24.002Z [INFO]: Redis connected successfully
2026-04-14T06:56:24.748Z [INFO]: MongoDB connected successfully
2026-04-14T06:56:24.762Z [INFO]: Server is running on port 5000
2026-04-14T07:20:59.285Z [INFO]: Redis connected successfully
2026-04-14T07:20:59.701Z [INFO]: MongoDB connected successfully
2026-04-14T07:20:59.715Z [INFO]: Server is running on port 5000
2026-04-14T07:21:18.453Z [INFO]: Redis connected successfully
2026-04-14T07:21:20.303Z [INFO]: MongoDB connected successfully
2026-04-14T07:21:20.310Z [INFO]: Server is running on port 5000
2026-04-14T07:21:49.877Z [INFO]: Redis connected successfully
2026-04-14T07:21:50.551Z [INFO]: MongoDB connected successfully
2026-04-14T07:21:50.561Z [INFO]: Server is running on port 5000
2026-04-18T14:49:04.095Z [ERROR]: Redis Client Error
2026-04-18T14:49:04.700Z [ERROR]: Redis Client Error
2026-04-18T14:49:04.910Z [ERROR]: Redis Client Error
2026-04-18T14:49:05.142Z [ERROR]: Redis Client Error
2026-04-18T14:49:05.564Z [ERROR]: Redis Client Error
2026-04-18T14:49:05.826Z [INFO]: MongoDB connected successfully
2026-04-18T14:49:05.836Z [INFO]: Server is running on port 5000
2026-04-18T14:49:06.570Z [ERROR]: Redis Client Error
2026-04-18T14:49:08.351Z [ERROR]: Redis Client Error
2026-04-18T14:49:10.481Z [ERROR]: Redis Client Error
2026-04-18T14:49:12.615Z [ERROR]: Redis Client Error
2026-04-18T14:49:14.691Z [ERROR]: Redis Client Error
2026-04-18T14:49:16.894Z [ERROR]: Redis Client Error
2026-04-18T14:49:19.104Z [ERROR]: Redis Client Error
2026-04-18T14:49:21.245Z [ERROR]: Redis Client Error
2026-04-18T14:49:23.309Z [ERROR]: Redis Client Error
2026-04-18T14:49:25.518Z [ERROR]: Redis Client Error
2026-04-18T14:49:27.598Z [ERROR]: Redis Client Error
2026-04-18T14:49:29.787Z [ERROR]: Redis Client Error
2026-04-18T14:49:31.831Z [ERROR]: Redis Client Error
2026-04-18T14:49:34.004Z [ERROR]: Redis Client Error
2026-04-18T14:49:36.053Z [ERROR]: Redis Client Error
2026-04-18T14:49:38.122Z [INFO]: Redis connected successfully
2026-04-18T14:51:39.768Z [INFO]: Redis connected successfully
2026-04-18T14:51:43.589Z [INFO]: MongoDB connected successfully
2026-04-18T14:51:43.630Z [INFO]: Server is running on port 5000
2026-04-18T14:54:32.393Z [INFO]: Redis connected successfully
2026-04-18T14:54:33.391Z [INFO]: MongoDB connected successfully
2026-04-18T14:54:33.406Z [INFO]: Server is running on port 5000
2026-04-18T14:55:01.434Z [INFO]: Redis connected successfully
2026-04-18T14:55:04.494Z [INFO]: MongoDB connected successfully
2026-04-18T14:55:04.503Z [INFO]: Server is running on port 5000
2026-04-18T14:59:22.748Z [INFO]: Redis connected successfully
2026-04-18T14:59:24.667Z [INFO]: MongoDB connected successfully
2026-04-18T14:59:24.676Z [INFO]: Server is running on port 5000
2026-04-18T15:02:14.962Z [INFO]: Redis connected successfully
2026-04-18T15:02:16.338Z [INFO]: MongoDB connected successfully
2026-04-18T15:02:16.353Z [INFO]: Server is running on port 5000
2026-04-18T15:13:59.882Z [INFO]: Redis connected successfully
2026-04-18T15:14:05.238Z [INFO]: MongoDB connected successfully
2026-04-18T15:14:05.261Z [INFO]: Server is running on port 5000
2026-04-18T15:21:19.962Z [INFO]: Redis connected successfully
2026-04-18T15:21:21.778Z [INFO]: MongoDB connected successfully
2026-04-18T15:21:21.790Z [INFO]: Server is running on port 5000
2026-04-18T15:27:27.865Z [INFO]: Redis connected successfully
2026-04-18T15:27:32.049Z [INFO]: MongoDB connected successfully
2026-04-18T15:27:32.061Z [INFO]: Server is running on port 5000
2026-04-18T15:38:24.871Z [INFO]: Redis connected successfully
2026-04-18T15:38:26.199Z [INFO]: MongoDB connected successfully
2026-04-18T15:38:26.209Z [INFO]: Server is running on port 5000
2026-04-18T15:38:40.118Z [INFO]: Redis connected successfully
2026-04-18T15:38:46.843Z [INFO]: Redis connected successfully
2026-04-18T15:38:47.693Z [INFO]: MongoDB connected successfully
2026-04-18T15:38:47.700Z [INFO]: Server is running on port 5000
2026-04-18T15:39:04.021Z [INFO]: Redis connected successfully
2026-04-18T15:39:04.852Z [INFO]: MongoDB connected successfully
2026-04-18T15:39:04.859Z [INFO]: Server is running on port 5000
2026-04-18T15:39:45.297Z [INFO]: Redis connected successfully
2026-04-18T15:40:13.606Z [INFO]: Redis connected successfully
2026-04-18T15:40:14.598Z [INFO]: MongoDB connected successfully
2026-04-18T15:40:14.605Z [INFO]: Server is running on port 5000
2026-04-18T15:40:27.343Z [INFO]: Redis connected successfully
2026-04-18T15:40:28.459Z [INFO]: MongoDB connected successfully
2026-04-18T15:40:28.466Z [INFO]: Server is running on port 5000
2026-04-18T15:41:19.662Z [INFO]: Redis connected successfully
2026-04-18T15:41:21.122Z [INFO]: MongoDB connected successfully
2026-04-18T15:41:21.129Z [INFO]: Server is running on port 5000
2026-04-18T15:41:53.553Z [INFO]: Redis connected successfully
2026-04-18T15:41:55.555Z [INFO]: MongoDB connected successfully
2026-04-18T15:41:55.571Z [INFO]: Server is running on port 5000
2026-04-18T15:42:37.601Z [INFO]: Redis connected successfully
2026-04-18T15:42:38.940Z [INFO]: MongoDB connected successfully
2026-04-18T15:42:38.949Z [INFO]: Server is running on port 5000
2026-04-18T15:42:41.708Z [INFO]: Redis connected successfully
2026-04-18T15:42:42.646Z [INFO]: MongoDB connected successfully
2026-04-18T15:42:42.655Z [INFO]: Server is running on port 5000
2026-04-18T15:46:54.373Z [INFO]: Redis connected successfully
2026-04-18T15:46:55.297Z [INFO]: MongoDB connected successfully
2026-04-18T15:46:55.309Z [INFO]: Server is running on port 5000
2026-04-18T15:48:17.287Z [INFO]: Redis connected successfully
2026-04-18T15:48:18.094Z [INFO]: MongoDB connected successfully
2026-04-18T15:48:18.100Z [INFO]: Server is running on port 5000
2026-04-18T15:48:26.449Z [INFO]: Redis connected successfully
2026-04-18T15:48:27.731Z [INFO]: MongoDB connected successfully
2026-04-18T15:48:27.745Z [INFO]: Server is running on port 5000
2026-04-18T15:48:32.784Z [INFO]: MongoDB connected successfully
2026-04-18T15:48:32.797Z [INFO]: Server is running on port 5000
2026-04-18T15:48:33.800Z [INFO]: Redis connected successfully
2026-04-18T15:48:43.647Z [INFO]: Redis connected successfully
2026-04-18T15:48:44.434Z [INFO]: MongoDB connected successfully
2026-04-18T15:48:44.440Z [INFO]: Server is running on port 5000
2026-04-18T15:49:59.628Z [INFO]: Redis connected successfully
2026-04-18T15:50:00.377Z [INFO]: MongoDB connected successfully
2026-04-18T15:50:00.383Z [INFO]: Server is running on port 5000
2026-04-18T15:50:46.029Z [INFO]: Redis connected successfully
2026-04-18T15:50:46.749Z [INFO]: MongoDB connected successfully
2026-04-18T15:50:46.758Z [INFO]: Server is running on port 5000
2026-04-18T15:51:11.346Z [INFO]: Redis connected successfully
2026-04-18T15:51:12.342Z [INFO]: MongoDB connected successfully
2026-04-18T15:51:12.359Z [INFO]: Server is running on port 5000
2026-04-18T16:02:13.691Z [INFO]: Redis connected successfully
2026-04-18T16:02:14.398Z [INFO]: MongoDB connected successfully
2026-04-18T16:02:14.418Z [INFO]: Server is running on port 5000
2026-04-18T16:03:05.109Z [INFO]: Redis connected successfully
2026-04-18T16:03:05.835Z [INFO]: MongoDB connected successfully
2026-04-18T16:03:05.846Z [INFO]: Server is running on port 5000
2026-04-18T16:06:17.417Z [INFO]: Redis connected successfully
2026-04-18T16:06:18.822Z [INFO]: MongoDB connected successfully
2026-04-18T16:06:18.835Z [INFO]: Server is running on port 5000
2026-04-18T16:07:10.758Z [INFO]: Redis connected successfully
2026-04-18T16:07:11.409Z [INFO]: MongoDB connected successfully
2026-04-18T16:07:11.421Z [INFO]: Server is running on port 5000
2026-04-18T16:07:44.542Z [INFO]: Redis connected successfully
2026-04-18T16:07:45.253Z [INFO]: MongoDB connected successfully
2026-04-18T16:07:45.261Z [INFO]: Server is running on port 5000
2026-04-19T05:26:15.908Z [INFO]: Redis connected successfully
2026-04-19T05:26:16.587Z [INFO]: MongoDB connected successfully
2026-04-19T05:26:16.605Z [INFO]: Server is running on port 5000
2026-04-19T05:52:32.331Z [INFO]: Redis connected successfully
2026-04-19T05:52:32.963Z [INFO]: MongoDB connected successfully
2026-04-19T05:52:32.972Z [INFO]: Server is running on port 5000
2026-04-19T05:52:42.101Z [INFO]: Redis connected successfully
2026-04-19T05:52:42.641Z [INFO]: MongoDB connected successfully
2026-04-19T05:52:42.651Z [INFO]: Server is running on port 5000
2026-04-19T05:53:34.782Z [INFO]: Redis connected successfully
2026-04-19T05:53:35.551Z [INFO]: MongoDB connected successfully
2026-04-19T05:53:35.578Z [INFO]: Server is running on port 5000
2026-04-19T15:56:08.825Z [INFO]: Redis connected successfully
2026-04-19T15:56:09.593Z [INFO]: MongoDB connected successfully
2026-04-19T15:56:09.605Z [INFO]: Server is running on port 5000
2026-04-19T15:56:27.756Z [INFO]: Redis connected successfully
2026-04-19T15:56:28.244Z [INFO]: MongoDB connected successfully
2026-04-19T15:56:28.251Z [INFO]: Server is running on port 5000
2026-04-19T15:56:34.718Z [INFO]: Redis connected successfully
2026-04-19T15:56:35.269Z [INFO]: MongoDB connected successfully
2026-04-19T15:56:35.284Z [INFO]: Server is running on port 5000
2026-04-19T15:59:53.990Z [INFO]: Redis connected successfully
2026-04-19T15:59:55.000Z [INFO]: MongoDB connected successfully
2026-04-19T15:59:55.010Z [INFO]: Server is running on port 5000
2026-04-19T16:08:33.525Z [INFO]: Redis connected successfully
2026-04-19T16:08:34.495Z [INFO]: MongoDB connected successfully
2026-04-19T16:08:34.508Z [INFO]: Server is running on port 5000
