2026-03-31T16:38:26.550Z [ERROR]: MongoDB connection error: bad auth : Authentication failed.
2026-03-31T16:39:19.010Z [ERROR]: MongoDB connection error: bad auth : Authentication failed.
2026-03-31T16:39:52.988Z [ERROR]: MongoDB connection error: bad auth : Authentication failed.
2026-03-31T16:41:14.354Z [ERROR]: MongoDB connection error: bad auth : Authentication failed.
2026-03-31T16:41:40.732Z [ERROR]: MongoDB connection error: bad auth : Authentication failed.
2026-03-31T16:42:28.673Z [ERROR]: MongoDB connection error: bad auth : Authentication failed.
2026-03-31T16:43:56.657Z [ERROR]: MongoDB connection error: bad auth : Authentication failed.
2026-03-31T16:44:39.868Z [ERROR]: MongoDB connection error: bad auth : Authentication failed.
2026-03-31T16:46:42.912Z [ERROR]: MongoDB connection error: bad auth : Authentication failed.
2026-03-31T16:49:27.477Z [ERROR]: MongoDB connection error: bad auth : Authentication failed.
2026-03-31T16:50:39.705Z [ERROR]: MongoDB connection error: bad auth : Authentication failed.
2026-03-31T16:53:01.777Z [ERROR]: MongoDB connection error: bad auth : Authentication failed.
2026-04-01T04:20:01.125Z [ERROR]: logger is not defined
2026-04-14T05:25:27.999Z [ERROR]: Redis Client Error
2026-04-14T05:25:28.367Z [ERROR]: Redis Client Error
2026-04-14T05:25:28.633Z [ERROR]: Redis Client Error
2026-04-14T05:25:28.913Z [ERROR]: Redis Client Error
2026-04-14T05:25:29.396Z [ERROR]: Redis Client Error
2026-04-14T05:25:30.383Z [ERROR]: Redis Client Error
2026-04-14T05:25:32.073Z [ERROR]: Redis Client Error
2026-04-14T05:25:34.219Z [ERROR]: Redis Client Error
2026-04-14T05:25:36.384Z [ERROR]: Redis Client Error
2026-04-14T05:25:38.441Z [ERROR]: Redis Client Error
2026-04-14T05:25:40.511Z [ERROR]: Redis Client Error
2026-04-14T05:25:42.541Z [ERROR]: Redis Client Error
2026-04-14T05:25:44.741Z [ERROR]: Redis Client Error
2026-04-14T05:25:46.886Z [ERROR]: Redis Client Error
2026-04-14T05:25:49.095Z [ERROR]: Redis Client Error
2026-04-14T05:25:51.274Z [ERROR]: Redis Client Error
2026-04-14T05:25:53.415Z [ERROR]: Redis Client Error
2026-04-14T05:25:55.518Z [ERROR]: Redis Client Error
2026-04-14T05:25:57.644Z [ERROR]: Redis Client Error
2026-04-14T05:25:59.727Z [ERROR]: Redis Client Error
2026-04-14T05:26:01.782Z [ERROR]: Redis Client Error
2026-04-14T05:26:03.862Z [ERROR]: Redis Client Error
2026-04-14T05:26:13.777Z [ERROR]: Redis Client Error
2026-04-14T05:26:14.103Z [ERROR]: Redis Client Error
2026-04-14T05:26:14.225Z [ERROR]: Redis Client Error
2026-04-14T05:26:14.523Z [ERROR]: Redis Client Error
2026-04-14T05:26:15.140Z [ERROR]: Redis Client Error
2026-04-14T05:26:16.126Z [ERROR]: Redis Client Error
2026-04-14T05:26:17.802Z [ERROR]: Redis Client Error
2026-04-14T05:26:19.868Z [ERROR]: Redis Client Error
2026-04-14T05:26:22.021Z [ERROR]: Redis Client Error
2026-04-14T05:26:24.185Z [ERROR]: Redis Client Error
2026-04-14T05:26:26.330Z [ERROR]: Redis Client Error
2026-04-18T14:49:04.095Z [ERROR]: Redis Client Error
2026-04-18T14:49:04.700Z [ERROR]: Redis Client Error
2026-04-18T14:49:04.910Z [ERROR]: Redis Client Error
2026-04-18T14:49:05.142Z [ERROR]: Redis Client Error
2026-04-18T14:49:05.564Z [ERROR]: Redis Client Error
2026-04-18T14:49:06.570Z [ERROR]: Redis Client Error
2026-04-18T14:49:08.351Z [ERROR]: Redis Client Error
2026-04-18T14:49:10.481Z [ERROR]: Redis Client Error
2026-04-18T14:49:12.615Z [ERROR]: Redis Client Error
2026-04-18T14:49:14.691Z [ERROR]: Redis Client Error
2026-04-18T14:49:16.894Z [ERROR]: Redis Client Error
2026-04-18T14:49:19.104Z [ERROR]: Redis Client Error
2026-04-18T14:49:21.245Z [ERROR]: Redis Client Error
2026-04-18T14:49:23.309Z [ERROR]: Redis Client Error
2026-04-18T14:49:25.518Z [ERROR]: Redis Client Error
2026-04-18T14:49:27.598Z [ERROR]: Redis Client Error
2026-04-18T14:49:29.787Z [ERROR]: Redis Client Error
2026-04-18T14:49:31.831Z [ERROR]: Redis Client Error
2026-04-18T14:49:34.004Z [ERROR]: Redis Client Error
2026-04-18T14:49:36.053Z [ERROR]: Redis Client Error
2026-04-24T11:43:45.195Z [ERROR]: Redis Client Error
2026-04-24T11:43:45.266Z [ERROR]: Redis Client Error
2026-04-24T11:43:45.413Z [ERROR]: Redis Client Error
2026-04-24T11:43:45.742Z [ERROR]: Redis Client Error
2026-04-24T11:43:46.274Z [ERROR]: Redis Client Error
2026-04-24T11:43:47.199Z [ERROR]: Redis Client Error
2026-04-24T11:43:49.007Z [ERROR]: Redis Client Error
2026-04-24T11:43:51.187Z [ERROR]: Redis Client Error
2026-04-24T11:43:53.307Z [ERROR]: Redis Client Error
2026-04-24T11:43:55.488Z [ERROR]: Redis Client Error
2026-04-24T11:43:57.615Z [ERROR]: Redis Client Error
2026-04-24T11:43:59.635Z [ERROR]: Redis Client Error
2026-04-24T11:44:01.786Z [ERROR]: Redis Client Error
2026-04-24T11:44:03.950Z [ERROR]: Redis Client Error
2026-04-24T11:44:06.129Z [ERROR]: Redis Client Error
2026-04-24T11:44:08.184Z [ERROR]: Redis Client Error
2026-04-24T11:44:10.300Z [ERROR]: Redis Client Error
2026-04-24T11:44:12.336Z [ERROR]: Redis Client Error
2026-04-24T11:44:14.515Z [ERROR]: Redis Client Error
2026-04-24T11:44:16.568Z [ERROR]: Redis Client Error
2026-04-24T11:44:18.684Z [ERROR]: Redis Client Error
2026-04-24T11:44:20.851Z [ERROR]: Redis Client Error
2026-04-24T11:44:22.901Z [ERROR]: Redis Client Error
2026-04-24T11:44:25.035Z [ERROR]: Redis Client Error
2026-04-24T11:44:27.070Z [ERROR]: Redis Client Error
2026-04-24T11:44:29.268Z [ERROR]: Redis Client Error
2026-04-24T11:44:31.353Z [ERROR]: Redis Client Error
2026-04-24T11:44:33.453Z [ERROR]: Redis Client Error
2026-04-24T11:44:35.586Z [ERROR]: Redis Client Error
2026-04-24T11:44:37.685Z [ERROR]: Redis Client Error
2026-04-24T11:44:39.723Z [ERROR]: Redis Client Error
2026-04-24T11:44:41.740Z [ERROR]: Redis Client Error
2026-04-24T11:44:43.874Z [ERROR]: Redis Client Error
2026-04-24T11:44:45.905Z [ERROR]: Redis Client Error
2026-04-24T11:44:48.022Z [ERROR]: Redis Client Error
2026-04-24T11:44:50.090Z [ERROR]: Redis Client Error
2026-04-24T11:44:52.251Z [ERROR]: Redis Client Error
2026-04-24T11:44:54.321Z [ERROR]: Redis Client Error
2026-04-24T11:44:56.472Z [ERROR]: Redis Client Error
2026-04-24T11:44:58.490Z [ERROR]: Redis Client Error
2026-04-24T11:45:00.658Z [ERROR]: Redis Client Error
2026-04-24T11:45:02.712Z [ERROR]: Redis Client Error
2026-04-24T11:45:04.844Z [ERROR]: Redis Client Error
2026-04-24T11:45:06.928Z [ERROR]: Redis Client Error
2026-04-24T11:45:09.094Z [ERROR]: Redis Client Error
2026-04-24T11:45:11.274Z [ERROR]: Redis Client Error
2026-04-24T11:45:13.424Z [ERROR]: Redis Client Error
2026-04-24T11:45:15.602Z [ERROR]: Redis Client Error
2026-04-24T11:45:17.685Z [ERROR]: Redis Client Error
2026-04-24T11:45:19.881Z [ERROR]: Redis Client Error
2026-04-24T11:45:22.032Z [ERROR]: Redis Client Error
2026-04-24T11:45:24.044Z [ERROR]: Redis Client Error
2026-04-24T11:45:26.185Z [ERROR]: Redis Client Error
2026-04-24T11:45:28.235Z [ERROR]: Redis Client Error
2026-04-24T11:45:30.322Z [ERROR]: Redis Client Error
2026-04-24T11:45:32.456Z [ERROR]: Redis Client Error
2026-04-24T11:45:34.538Z [ERROR]: Redis Client Error
2026-04-24T11:45:36.736Z [ERROR]: Redis Client Error
2026-04-24T11:45:38.870Z [ERROR]: Redis Client Error
2026-04-24T11:45:41.014Z [ERROR]: Redis Client Error
2026-04-24T11:45:43.132Z [ERROR]: Redis Client Error
2026-04-24T11:45:45.168Z [ERROR]: Redis Client Error
2026-04-24T11:45:47.318Z [ERROR]: Redis Client Error
2026-04-24T11:45:49.481Z [ERROR]: Redis Client Error
2026-04-24T11:45:51.623Z [ERROR]: Redis Client Error
2026-04-24T11:45:53.760Z [ERROR]: Redis Client Error
2026-04-24T11:45:55.814Z [ERROR]: Redis Client Error
2026-04-24T11:45:57.963Z [ERROR]: Redis Client Error
2026-04-24T11:46:00.142Z [ERROR]: Redis Client Error
2026-04-24T11:46:02.214Z [ERROR]: Redis Client Error
2026-04-24T11:46:04.408Z [ERROR]: Redis Client Error
2026-04-24T11:46:06.445Z [ERROR]: Redis Client Error
2026-04-24T11:46:08.624Z [ERROR]: Redis Client Error
2026-04-24T11:46:10.788Z [ERROR]: Redis Client Error
2026-04-24T11:46:12.961Z [ERROR]: Redis Client Error
2026-04-24T11:46:15.126Z [ERROR]: Redis Client Error
2026-04-24T11:46:17.210Z [ERROR]: Redis Client Error
2026-04-24T11:46:19.289Z [ERROR]: Redis Client Error
2026-04-24T11:46:21.391Z [ERROR]: Redis Client Error
2026-04-24T11:46:23.575Z [ERROR]: Redis Client Error
2026-04-24T11:46:25.676Z [ERROR]: Redis Client Error
2026-04-24T11:46:27.870Z [ERROR]: Redis Client Error
2026-04-24T11:46:29.926Z [ERROR]: Redis Client Error
2026-04-24T11:46:31.953Z [ERROR]: Redis Client Error
2026-04-24T11:46:34.086Z [ERROR]: Redis Client Error
2026-04-24T11:46:36.174Z [ERROR]: Redis Client Error
2026-04-24T11:46:38.197Z [ERROR]: Redis Client Error
2026-04-24T11:46:40.386Z [ERROR]: Redis Client Error
2026-04-24T11:46:42.504Z [ERROR]: Redis Client Error
2026-04-24T11:46:44.560Z [ERROR]: Redis Client Error
2026-04-24T11:46:46.692Z [ERROR]: Redis Client Error
2026-04-24T11:46:48.901Z [ERROR]: Redis Client Error
2026-04-24T11:46:51.104Z [ERROR]: Redis Client Error
2026-04-24T11:46:53.139Z [ERROR]: Redis Client Error
2026-04-24T11:46:55.178Z [ERROR]: Redis Client Error
2026-04-24T11:46:57.336Z [ERROR]: Redis Client Error
2026-04-24T11:46:59.484Z [ERROR]: Redis Client Error
2026-04-24T11:47:01.649Z [ERROR]: Redis Client Error
2026-04-24T11:47:03.824Z [ERROR]: Redis Client Error
2026-04-24T11:47:05.948Z [ERROR]: Redis Client Error
2026-04-24T11:47:08.033Z [ERROR]: Redis Client Error
2026-04-24T11:47:10.235Z [ERROR]: Redis Client Error
2026-04-24T11:47:12.383Z [ERROR]: Redis Client Error
2026-04-24T11:47:14.451Z [ERROR]: Redis Client Error
2026-04-24T11:47:16.532Z [ERROR]: Redis Client Error
2026-04-24T11:47:18.614Z [ERROR]: Redis Client Error
2026-04-24T11:47:20.684Z [ERROR]: Redis Client Error
2026-04-24T11:47:22.814Z [ERROR]: Redis Client Error
2026-04-24T11:47:24.966Z [ERROR]: Redis Client Error
2026-04-24T11:47:27.165Z [ERROR]: Redis Client Error
2026-04-24T11:47:29.332Z [ERROR]: Redis Client Error
2026-04-24T11:47:31.526Z [ERROR]: Redis Client Error
2026-04-24T11:47:33.691Z [ERROR]: Redis Client Error
2026-04-24T11:47:35.806Z [ERROR]: Redis Client Error
2026-04-24T11:47:37.943Z [ERROR]: Redis Client Error
2026-04-24T11:47:40.120Z [ERROR]: Redis Client Error
2026-04-24T11:47:42.306Z [ERROR]: Redis Client Error
2026-04-24T11:47:44.452Z [ERROR]: Redis Client Error
2026-04-24T11:47:46.518Z [ERROR]: Redis Client Error
2026-04-24T11:47:48.684Z [ERROR]: Redis Client Error
2026-04-24T11:47:50.723Z [ERROR]: Redis Client Error
2026-04-24T11:47:52.856Z [ERROR]: Redis Client Error
2026-04-24T11:47:54.877Z [ERROR]: Redis Client Error
2026-04-24T11:47:57.024Z [ERROR]: Redis Client Error
2026-04-24T11:47:59.094Z [ERROR]: Redis Client Error
2026-04-24T11:48:01.209Z [ERROR]: Redis Client Error
2026-04-24T11:48:03.292Z [ERROR]: Redis Client Error
2026-04-24T11:48:05.458Z [ERROR]: Redis Client Error
2026-04-24T11:48:07.478Z [ERROR]: Redis Client Error
2026-04-24T11:48:09.508Z [ERROR]: Redis Client Error
2026-04-24T11:48:11.547Z [ERROR]: Redis Client Error
2026-04-24T11:48:13.680Z [ERROR]: Redis Client Error
2026-04-24T11:48:15.780Z [ERROR]: Redis Client Error
2026-04-24T11:48:17.974Z [ERROR]: Redis Client Error
2026-04-24T11:48:20.139Z [ERROR]: Redis Client Error
2026-04-24T11:48:22.327Z [ERROR]: Redis Client Error
2026-04-24T11:48:24.442Z [ERROR]: Redis Client Error
2026-04-24T11:48:26.494Z [ERROR]: Redis Client Error
2026-04-24T11:48:28.677Z [ERROR]: Redis Client Error
2026-04-24T11:48:30.839Z [ERROR]: Redis Client Error
2026-04-24T11:48:33.051Z [ERROR]: Redis Client Error
2026-04-24T11:48:35.074Z [ERROR]: Redis Client Error
2026-04-24T11:48:37.195Z [ERROR]: Redis Client Error
2026-04-24T11:48:39.403Z [ERROR]: Redis Client Error
2026-04-24T11:48:41.472Z [ERROR]: Redis Client Error
2026-04-24T11:48:43.588Z [ERROR]: Redis Client Error
2026-04-24T11:48:45.720Z [ERROR]: Redis Client Error
2026-04-24T11:48:47.774Z [ERROR]: Redis Client Error
2026-04-24T11:48:49.970Z [ERROR]: Redis Client Error
2026-04-24T11:48:52.085Z [ERROR]: Redis Client Error
2026-04-24T11:48:54.123Z [ERROR]: Redis Client Error
2026-04-24T11:48:56.168Z [ERROR]: Redis Client Error
2026-04-24T11:48:58.285Z [ERROR]: Redis Client Error
2026-04-24T11:49:00.336Z [ERROR]: Redis Client Error
2026-04-24T11:49:02.389Z [ERROR]: Redis Client Error
2026-04-24T11:49:04.508Z [ERROR]: Redis Client Error
2026-04-24T11:49:06.624Z [ERROR]: Redis Client Error
2026-04-24T11:49:08.754Z [ERROR]: Redis Client Error
2026-04-24T11:49:10.875Z [ERROR]: Redis Client Error
2026-04-24T11:49:13.084Z [ERROR]: Redis Client Error
2026-04-24T11:49:15.250Z [ERROR]: Redis Client Error
2026-04-24T11:49:17.346Z [ERROR]: Redis Client Error
2026-04-24T11:49:19.434Z [ERROR]: Redis Client Error
2026-04-24T11:49:21.439Z [ERROR]: Redis Client Error
2026-04-24T11:49:23.460Z [ERROR]: Redis Client Error
2026-04-24T11:49:25.528Z [ERROR]: Redis Client Error
2026-04-24T11:49:27.741Z [ERROR]: Redis Client Error
2026-04-24T11:49:29.873Z [ERROR]: Redis Client Error
2026-04-24T11:49:31.988Z [ERROR]: Redis Client Error
2026-04-24T11:49:34.140Z [ERROR]: Redis Client Error
2026-04-24T11:49:36.161Z [ERROR]: Redis Client Error
2026-04-24T11:49:38.339Z [ERROR]: Redis Client Error
2026-04-24T11:49:40.409Z [ERROR]: Redis Client Error
2026-04-24T11:49:42.446Z [ERROR]: Redis Client Error
2026-04-24T11:49:44.659Z [ERROR]: Redis Client Error
2026-04-24T11:49:46.712Z [ERROR]: Redis Client Error
2026-04-24T11:49:48.873Z [ERROR]: Redis Client Error
2026-04-24T11:49:51.053Z [ERROR]: Redis Client Error
2026-04-24T11:49:53.076Z [ERROR]: Redis Client Error
2026-04-24T11:49:55.160Z [ERROR]: Redis Client Error
2026-04-24T11:49:57.180Z [ERROR]: Redis Client Error
2026-04-24T11:49:59.344Z [ERROR]: Redis Client Error
2026-04-24T11:50:01.493Z [ERROR]: Redis Client Error
2026-04-24T11:50:03.508Z [ERROR]: Redis Client Error
2026-04-24T11:50:05.709Z [ERROR]: Redis Client Error
2026-04-24T11:50:07.874Z [ERROR]: Redis Client Error
2026-04-24T11:50:09.927Z [ERROR]: Redis Client Error
2026-04-24T11:50:12.076Z [ERROR]: Redis Client Error
2026-04-24T11:50:14.160Z [ERROR]: Redis Client Error
2026-04-24T11:50:16.261Z [ERROR]: Redis Client Error
2026-04-24T11:50:18.306Z [ERROR]: Redis Client Error
2026-04-24T11:50:20.374Z [ERROR]: Redis Client Error
2026-04-24T11:50:22.508Z [ERROR]: Redis Client Error
2026-04-24T11:50:24.656Z [ERROR]: Redis Client Error
2026-04-24T11:50:26.711Z [ERROR]: Redis Client Error
2026-04-24T11:50:28.810Z [ERROR]: Redis Client Error
2026-04-24T11:50:30.832Z [ERROR]: Redis Client Error
2026-04-24T11:50:32.902Z [ERROR]: Redis Client Error
2026-04-24T11:50:35.050Z [ERROR]: Redis Client Error
2026-04-24T11:50:37.115Z [ERROR]: Redis Client Error
2026-04-24T11:50:39.248Z [ERROR]: Redis Client Error
2026-04-24T11:50:41.398Z [ERROR]: Redis Client Error
2026-04-24T11:50:43.530Z [ERROR]: Redis Client Error
2026-04-24T11:50:45.694Z [ERROR]: Redis Client Error
2026-04-24T11:50:47.794Z [ERROR]: Redis Client Error
2026-04-24T11:50:49.832Z [ERROR]: Redis Client Error
2026-04-24T11:50:51.982Z [ERROR]: Redis Client Error
2026-04-24T11:50:54.188Z [ERROR]: Redis Client Error
2026-04-24T11:50:56.373Z [ERROR]: Redis Client Error
2026-04-24T11:50:58.395Z [ERROR]: Redis Client Error
2026-04-24T11:51:00.495Z [ERROR]: Redis Client Error
2026-04-24T11:51:02.693Z [ERROR]: Redis Client Error
2026-04-24T11:51:04.829Z [ERROR]: Redis Client Error
2026-04-24T11:51:06.924Z [ERROR]: Redis Client Error
2026-04-24T11:51:09.088Z [ERROR]: Redis Client Error
2026-04-24T11:51:11.144Z [ERROR]: Redis Client Error
2026-04-24T11:51:13.194Z [ERROR]: Redis Client Error
2026-04-24T11:51:15.356Z [ERROR]: Redis Client Error
2026-04-24T11:51:17.411Z [ERROR]: Redis Client Error
2026-04-24T11:51:19.607Z [ERROR]: Redis Client Error
2026-04-24T11:51:21.726Z [ERROR]: Redis Client Error
2026-04-24T11:51:23.907Z [ERROR]: Redis Client Error
2026-04-24T11:51:25.932Z [ERROR]: Redis Client Error
2026-04-24T11:51:28.108Z [ERROR]: Redis Client Error
2026-04-24T11:51:30.175Z [ERROR]: Redis Client Error
2026-04-24T11:51:32.291Z [ERROR]: Redis Client Error
2026-04-24T11:51:34.358Z [ERROR]: Redis Client Error
2026-04-24T11:51:36.492Z [ERROR]: Redis Client Error
2026-04-24T11:51:38.626Z [ERROR]: Redis Client Error
2026-04-24T11:51:40.775Z [ERROR]: Redis Client Error
2026-04-24T11:51:42.858Z [ERROR]: Redis Client Error
2026-04-24T11:51:44.995Z [ERROR]: Redis Client Error
2026-04-24T11:51:47.059Z [ERROR]: Redis Client Error
2026-04-24T11:51:49.258Z [ERROR]: Redis Client Error
2026-04-24T11:51:51.450Z [ERROR]: Redis Client Error
2026-04-24T11:51:53.632Z [ERROR]: Redis Client Error
2026-04-24T11:51:55.638Z [ERROR]: Redis Client Error
2026-04-24T11:51:57.692Z [ERROR]: Redis Client Error
2026-04-24T11:51:59.867Z [ERROR]: Redis Client Error
2026-04-24T11:52:02.005Z [ERROR]: Redis Client Error
2026-04-24T11:52:04.137Z [ERROR]: Redis Client Error
2026-04-24T11:52:06.235Z [ERROR]: Redis Client Error
2026-04-24T11:52:08.432Z [ERROR]: Redis Client Error
2026-04-24T11:52:10.463Z [ERROR]: Redis Client Error
2026-04-24T11:52:12.473Z [ERROR]: Redis Client Error
2026-04-24T11:52:14.542Z [ERROR]: Redis Client Error
2026-04-24T11:52:16.724Z [ERROR]: Redis Client Error
2026-04-24T11:52:18.839Z [ERROR]: Redis Client Error
2026-04-24T11:52:20.987Z [ERROR]: Redis Client Error
2026-04-24T11:52:23.009Z [ERROR]: Redis Client Error
2026-04-24T11:52:25.189Z [ERROR]: Redis Client Error
2026-04-24T11:52:27.321Z [ERROR]: Redis Client Error
2026-04-24T11:52:29.437Z [ERROR]: Redis Client Error
2026-04-24T11:52:31.618Z [ERROR]: Redis Client Error
2026-04-24T11:52:33.799Z [ERROR]: Redis Client Error
2026-04-24T11:52:35.915Z [ERROR]: Redis Client Error
2026-04-24T11:52:38.082Z [ERROR]: Redis Client Error
2026-04-24T11:52:40.168Z [ERROR]: Redis Client Error
2026-04-24T11:52:42.311Z [ERROR]: Redis Client Error
2026-04-24T11:52:44.364Z [ERROR]: Redis Client Error
2026-04-24T11:52:46.387Z [ERROR]: Redis Client Error
2026-04-24T11:52:48.535Z [ERROR]: Redis Client Error
2026-04-24T11:52:50.699Z [ERROR]: Redis Client Error
2026-04-24T11:52:52.800Z [ERROR]: Redis Client Error
2026-04-24T11:52:54.870Z [ERROR]: Redis Client Error
2026-04-24T11:52:56.906Z [ERROR]: Redis Client Error
2026-04-24T11:52:58.990Z [ERROR]: Redis Client Error
2026-04-24T11:53:01.059Z [ERROR]: Redis Client Error
2026-04-24T11:53:03.074Z [ERROR]: Redis Client Error
2026-04-24T11:53:05.257Z [ERROR]: Redis Client Error
2026-04-24T11:53:07.420Z [ERROR]: Redis Client Error
2026-04-24T11:53:09.517Z [ERROR]: Redis Client Error
2026-04-24T11:53:11.673Z [ERROR]: Redis Client Error
2026-04-24T11:53:13.690Z [ERROR]: Redis Client Error
2026-04-24T11:53:15.787Z [ERROR]: Redis Client Error
2026-04-24T11:53:17.873Z [ERROR]: Redis Client Error
2026-04-24T11:53:19.958Z [ERROR]: Redis Client Error
2026-04-24T11:53:22.156Z [ERROR]: Redis Client Error
2026-04-24T11:53:24.176Z [ERROR]: Redis Client Error
2026-04-24T11:53:26.276Z [ERROR]: Redis Client Error
2026-04-24T11:53:28.296Z [ERROR]: Redis Client Error
2026-04-24T11:53:30.333Z [ERROR]: Redis Client Error
2026-04-24T11:53:32.386Z [ERROR]: Redis Client Error
2026-04-24T11:53:34.582Z [ERROR]: Redis Client Error
2026-04-24T11:53:36.666Z [ERROR]: Redis Client Error
2026-04-24T11:53:38.753Z [ERROR]: Redis Client Error
2026-04-24T11:53:40.900Z [ERROR]: Redis Client Error
2026-04-24T11:53:42.967Z [ERROR]: Redis Client Error
2026-04-24T11:53:45.069Z [ERROR]: Redis Client Error
2026-04-24T11:53:47.171Z [ERROR]: Redis Client Error
2026-04-24T11:53:49.350Z [ERROR]: Redis Client Error
2026-04-24T11:53:51.381Z [ERROR]: Redis Client Error
2026-04-24T11:53:53.530Z [ERROR]: Redis Client Error
2026-04-24T11:53:55.613Z [ERROR]: Redis Client Error
2026-04-24T11:53:57.746Z [ERROR]: Redis Client Error
2026-04-24T11:53:59.963Z [ERROR]: Redis Client Error
2026-04-24T11:54:02.050Z [ERROR]: Redis Client Error
2026-04-24T11:54:04.150Z [ERROR]: Redis Client Error
2026-04-24T11:54:06.196Z [ERROR]: Redis Client Error
2026-04-24T11:54:08.381Z [ERROR]: Redis Client Error
2026-04-24T11:54:10.427Z [ERROR]: Redis Client Error
2026-04-24T11:54:12.540Z [ERROR]: Redis Client Error
2026-04-24T11:54:14.685Z [ERROR]: Redis Client Error
2026-04-24T11:54:16.849Z [ERROR]: Redis Client Error
2026-04-24T11:54:19.029Z [ERROR]: Redis Client Error
2026-04-24T11:54:21.193Z [ERROR]: Redis Client Error
2026-04-24T11:54:23.309Z [ERROR]: Redis Client Error
2026-04-24T11:54:25.442Z [ERROR]: Redis Client Error
2026-04-24T11:54:27.613Z [ERROR]: Redis Client Error
2026-04-24T11:54:29.690Z [ERROR]: Redis Client Error
2026-04-24T11:54:31.759Z [ERROR]: Redis Client Error
2026-04-24T11:54:33.813Z [ERROR]: Redis Client Error
2026-04-24T11:54:35.929Z [ERROR]: Redis Client Error
2026-04-24T11:54:38.125Z [ERROR]: Redis Client Error
2026-04-24T11:54:40.275Z [ERROR]: Redis Client Error
2026-04-24T11:54:42.295Z [ERROR]: Redis Client Error
2026-04-24T11:54:44.458Z [ERROR]: Redis Client Error
2026-04-24T11:54:46.591Z [ERROR]: Redis Client Error
2026-04-24T11:54:48.709Z [ERROR]: Redis Client Error
2026-04-24T11:54:50.722Z [ERROR]: Redis Client Error
2026-04-24T11:54:52.806Z [ERROR]: Redis Client Error
2026-04-24T11:54:54.940Z [ERROR]: Redis Client Error
2026-04-24T11:54:56.960Z [ERROR]: Redis Client Error
2026-04-24T11:54:59.080Z [ERROR]: Redis Client Error
2026-04-24T11:55:01.196Z [ERROR]: Redis Client Error
2026-04-24T11:55:03.324Z [ERROR]: Redis Client Error
2026-04-24T11:55:05.368Z [ERROR]: Redis Client Error
2026-04-24T11:55:07.400Z [ERROR]: Redis Client Error
2026-04-24T11:55:09.609Z [ERROR]: Redis Client Error
2026-04-24T11:55:11.692Z [ERROR]: Redis Client Error
2026-04-24T11:55:13.882Z [ERROR]: Redis Client Error
2026-04-24T11:55:15.982Z [ERROR]: Redis Client Error
2026-04-24T11:55:18.073Z [ERROR]: Redis Client Error
2026-04-24T11:55:20.211Z [ERROR]: Redis Client Error
2026-04-24T11:55:22.443Z [ERROR]: Redis Client Error
2026-04-24T11:55:24.595Z [ERROR]: Redis Client Error
2026-04-24T11:55:26.725Z [ERROR]: Redis Client Error
2026-04-24T11:55:28.834Z [ERROR]: Redis Client Error
2026-04-24T11:55:30.883Z [ERROR]: Redis Client Error
2026-04-24T11:55:32.972Z [ERROR]: Redis Client Error
2026-04-24T11:55:35.057Z [ERROR]: Redis Client Error
2026-04-24T11:55:37.174Z [ERROR]: Redis Client Error
2026-04-24T11:55:39.274Z [ERROR]: Redis Client Error
2026-04-24T11:55:41.388Z [ERROR]: Redis Client Error
2026-04-24T11:55:43.539Z [ERROR]: Redis Client Error
2026-04-25T12:06:06.185Z [ERROR]: Redis Client Error
2026-04-25T12:06:06.360Z [ERROR]: Redis Client Error
2026-04-25T12:06:06.591Z [ERROR]: Redis Client Error
2026-04-25T12:06:06.929Z [ERROR]: Redis Client Error
2026-04-25T12:06:07.423Z [ERROR]: Redis Client Error
2026-04-25T12:06:08.448Z [ERROR]: Redis Client Error
2026-04-25T12:06:10.156Z [ERROR]: Redis Client Error
2026-04-25T12:06:18.697Z [ERROR]: Redis Client Error
2026-04-25T12:06:18.972Z [ERROR]: Redis Client Error
2026-04-25T12:06:19.228Z [ERROR]: Redis Client Error
2026-04-25T12:06:19.495Z [ERROR]: Redis Client Error
2026-04-25T12:06:19.919Z [ERROR]: Redis Client Error
2026-04-25T12:06:20.926Z [ERROR]: Redis Client Error
2026-04-25T12:06:22.679Z [ERROR]: Redis Client Error
2026-04-25T12:06:24.842Z [ERROR]: Redis Client Error
2026-04-30T16:22:20.996Z [ERROR]: Redis Client Error
2026-04-30T16:22:21.056Z [ERROR]: Redis Client Error
2026-04-30T16:22:21.355Z [ERROR]: Redis Client Error
2026-04-30T16:22:21.657Z [ERROR]: Redis Client Error
2026-04-30T16:22:22.066Z [ERROR]: Redis Client Error
2026-04-30T16:22:22.880Z [ERROR]: Redis Client Error
2026-04-30T16:22:24.489Z [ERROR]: Redis Client Error
2026-04-30T16:22:26.656Z [ERROR]: Redis Client Error
2026-04-30T16:22:28.771Z [ERROR]: Redis Client Error
2026-04-30T16:22:30.805Z [ERROR]: Redis Client Error
2026-04-30T16:22:32.905Z [ERROR]: Redis Client Error
2026-04-30T16:22:46.197Z [ERROR]: Redis Client Error
2026-04-30T16:22:46.341Z [ERROR]: Redis Client Error
2026-04-30T16:22:46.591Z [ERROR]: Redis Client Error
2026-04-30T16:22:46.909Z [ERROR]: Redis Client Error
2026-04-30T16:22:47.442Z [ERROR]: Redis Client Error
2026-04-30T16:22:48.435Z [ERROR]: Redis Client Error
2026-04-30T16:22:50.147Z [ERROR]: Redis Client Error
2026-04-30T16:23:52.413Z [ERROR]: Redis Client Error
2026-04-30T16:23:52.529Z [ERROR]: Redis Client Error
2026-04-30T16:23:52.661Z [ERROR]: Redis Client Error
2026-04-30T16:23:53.055Z [ERROR]: Redis Client Error
2026-04-30T16:23:53.606Z [ERROR]: Redis Client Error
2026-04-30T16:23:54.531Z [ERROR]: Redis Client Error
2026-04-30T16:23:56.145Z [ERROR]: Redis Client Error
2026-04-30T16:23:58.297Z [ERROR]: Redis Client Error
2026-04-30T16:24:00.458Z [ERROR]: Redis Client Error
2026-04-30T16:24:02.495Z [ERROR]: Redis Client Error
2026-04-30T16:24:04.710Z [ERROR]: Redis Client Error
2026-04-30T16:24:06.762Z [ERROR]: Redis Client Error
2026-04-30T16:24:08.777Z [ERROR]: Redis Client Error
2026-04-30T16:24:10.958Z [ERROR]: Redis Client Error
2026-04-30T16:24:13.044Z [ERROR]: Redis Client Error
2026-04-30T16:24:15.066Z [ERROR]: Redis Client Error
2026-04-30T16:24:26.707Z [ERROR]: Redis Client Error
2026-04-30T16:24:36.984Z [ERROR]: Redis Client Error
2026-04-30T16:24:37.104Z [ERROR]: Redis Client Error
2026-04-30T16:24:49.791Z [ERROR]: Redis Client Error
2026-04-30T16:24:49.871Z [ERROR]: Redis Client Error
2026-04-30T16:24:50.021Z [ERROR]: Redis Client Error
2026-04-30T16:24:50.390Z [ERROR]: Redis Client Error
2026-04-30T16:24:50.907Z [ERROR]: Redis Client Error
2026-04-30T16:24:51.733Z [ERROR]: Redis Client Error
2026-04-30T16:24:53.690Z [ERROR]: Redis Client Error
2026-04-30T16:24:53.793Z [ERROR]: Redis Client Error
2026-04-30T16:24:53.925Z [ERROR]: Redis Client Error
2026-04-30T16:24:54.205Z [ERROR]: Redis Client Error
2026-04-30T16:24:54.635Z [ERROR]: Redis Client Error
2026-04-30T16:24:55.537Z [ERROR]: Redis Client Error
2026-04-30T16:24:58.882Z [ERROR]: Redis Client Error
2026-04-30T16:24:58.954Z [ERROR]: Redis Client Error
2026-04-30T16:24:59.172Z [ERROR]: Redis Client Error
2026-04-30T16:24:59.504Z [ERROR]: Redis Client Error
2026-04-30T16:25:01.513Z [ERROR]: Redis Client Error
2026-04-30T16:25:01.629Z [ERROR]: Redis Client Error
2026-04-30T16:25:01.933Z [ERROR]: Redis Client Error
2026-04-30T16:25:02.220Z [ERROR]: Redis Client Error
2026-04-30T16:25:02.801Z [ERROR]: Redis Client Error
2026-04-30T16:25:03.671Z [ERROR]: Redis Client Error
2026-04-30T16:25:14.402Z [ERROR]: Redis Client Error
2026-04-30T16:25:14.537Z [ERROR]: Redis Client Error
2026-04-30T16:25:14.849Z [ERROR]: Redis Client Error
2026-04-30T16:25:15.132Z [ERROR]: Redis Client Error
2026-04-30T16:25:15.670Z [ERROR]: Redis Client Error
2026-04-30T16:25:16.655Z [ERROR]: Redis Client Error
2026-04-30T16:25:18.360Z [ERROR]: Redis Client Error
2026-04-30T16:25:20.421Z [ERROR]: Redis Client Error
2026-04-30T16:25:22.617Z [ERROR]: Redis Client Error
2026-04-30T16:25:24.763Z [ERROR]: Redis Client Error
2026-04-30T16:25:26.887Z [ERROR]: Redis Client Error
2026-04-30T16:25:28.968Z [ERROR]: Redis Client Error
2026-04-30T16:25:31.112Z [ERROR]: Redis Client Error
2026-04-30T16:25:33.239Z [ERROR]: Redis Client Error
2026-04-30T16:25:35.294Z [ERROR]: Redis Client Error
2026-04-30T16:25:37.304Z [ERROR]: Redis Client Error
2026-04-30T16:25:39.467Z [ERROR]: Redis Client Error
2026-04-30T16:25:41.668Z [ERROR]: Redis Client Error
2026-04-30T16:26:01.367Z [ERROR]: Redis Client Error
2026-04-30T16:26:01.599Z [ERROR]: Redis Client Error
2026-04-30T16:26:01.860Z [ERROR]: Redis Client Error
2026-04-30T16:26:02.216Z [ERROR]: Redis Client Error
2026-04-30T16:26:02.784Z [ERROR]: Redis Client Error
2026-04-30T16:26:03.719Z [ERROR]: Redis Client Error
2026-04-30T16:26:05.342Z [ERROR]: Redis Client Error
2026-04-30T16:26:07.483Z [ERROR]: Redis Client Error
2026-04-30T16:26:09.547Z [ERROR]: Redis Client Error
2026-04-30T16:26:11.728Z [ERROR]: Redis Client Error
2026-04-30T16:26:17.960Z [ERROR]: Redis Client Error
2026-04-30T16:26:18.044Z [ERROR]: Redis Client Error
2026-04-30T16:26:18.176Z [ERROR]: Redis Client Error
2026-04-30T16:26:18.409Z [ERROR]: Redis Client Error
2026-04-30T16:26:18.834Z [ERROR]: Redis Client Error
2026-04-30T16:26:19.656Z [ERROR]: Redis Client Error
2026-04-30T16:26:21.275Z [ERROR]: Redis Client Error
2026-04-30T16:26:40.006Z [ERROR]: Redis Client Error
2026-04-30T16:26:40.277Z [ERROR]: Redis Client Error
2026-04-30T16:26:40.572Z [ERROR]: Redis Client Error
2026-04-30T16:26:40.951Z [ERROR]: Redis Client Error
2026-04-30T16:26:51.000Z [ERROR]: Redis Client Error
2026-04-30T16:26:51.238Z [ERROR]: Redis Client Error
2026-04-30T16:26:51.459Z [ERROR]: Redis Client Error
2026-04-30T16:26:51.835Z [ERROR]: Redis Client Error
2026-04-30T16:26:52.437Z [ERROR]: Redis Client Error
2026-04-30T16:27:03.565Z [ERROR]: Redis Client Error
2026-04-30T16:27:03.818Z [ERROR]: Redis Client Error
2026-04-30T16:27:04.108Z [ERROR]: Redis Client Error
2026-04-30T16:27:04.512Z [ERROR]: Redis Client Error
2026-04-30T16:27:05.108Z [ERROR]: Redis Client Error
2026-04-30T16:27:16.698Z [ERROR]: Redis Client Error
2026-04-30T16:27:28.760Z [ERROR]: Redis Client Error
2026-04-30T16:27:28.835Z [ERROR]: Redis Client Error
2026-04-30T16:27:29.011Z [ERROR]: Redis Client Error
2026-04-30T16:27:29.285Z [ERROR]: Redis Client Error
2026-04-30T16:27:29.853Z [ERROR]: Redis Client Error
2026-04-30T16:27:30.744Z [ERROR]: Redis Client Error
2026-04-30T16:27:32.485Z [ERROR]: Redis Client Error
2026-04-30T16:27:34.588Z [ERROR]: Redis Client Error
2026-04-30T16:27:36.594Z [ERROR]: Redis Client Error
2026-04-30T16:27:38.734Z [ERROR]: Redis Client Error
2026-04-30T16:27:40.931Z [ERROR]: Redis Client Error
2026-04-30T16:27:42.984Z [ERROR]: Redis Client Error
2026-04-30T16:27:45.089Z [ERROR]: Redis Client Error
2026-04-30T16:27:47.216Z [ERROR]: Redis Client Error
2026-04-30T16:27:49.405Z [ERROR]: Redis Client Error
2026-04-30T16:27:51.531Z [ERROR]: Redis Client Error
2026-04-30T16:27:53.593Z [ERROR]: Redis Client Error
2026-04-30T16:27:55.760Z [ERROR]: Redis Client Error
2026-04-30T16:27:57.819Z [ERROR]: Redis Client Error
2026-04-30T16:28:00.013Z [ERROR]: Redis Client Error
2026-04-30T16:28:02.045Z [ERROR]: Redis Client Error
2026-04-30T16:28:04.113Z [ERROR]: Redis Client Error
2026-04-30T16:28:06.144Z [ERROR]: Redis Client Error
2026-04-30T16:28:08.226Z [ERROR]: Redis Client Error
2026-04-30T16:28:10.295Z [ERROR]: Redis Client Error
2026-04-30T16:28:12.494Z [ERROR]: Redis Client Error
2026-04-30T16:28:14.612Z [ERROR]: Redis Client Error
2026-04-30T16:28:16.794Z [ERROR]: Redis Client Error
2026-04-30T16:28:18.845Z [ERROR]: Redis Client Error
2026-04-30T16:28:20.986Z [ERROR]: Redis Client Error
2026-04-30T16:28:23.086Z [ERROR]: Redis Client Error
2026-04-30T16:28:25.117Z [ERROR]: Redis Client Error
2026-04-30T16:28:27.186Z [ERROR]: Redis Client Error
2026-04-30T16:28:29.327Z [ERROR]: Redis Client Error
2026-04-30T16:28:31.338Z [ERROR]: Redis Client Error
2026-04-30T16:28:33.511Z [ERROR]: Redis Client Error
2026-04-30T16:28:35.581Z [ERROR]: Redis Client Error
2026-04-30T16:28:37.701Z [ERROR]: Redis Client Error
2026-04-30T16:28:39.728Z [ERROR]: Redis Client Error
2026-04-30T16:28:41.861Z [ERROR]: Redis Client Error
2026-04-30T16:28:44.012Z [ERROR]: Redis Client Error
2026-04-30T16:28:46.061Z [ERROR]: Redis Client Error
2026-04-30T16:28:48.252Z [ERROR]: Redis Client Error
2026-04-30T16:28:52.291Z [ERROR]: Redis Client Error
2026-04-30T16:28:52.509Z [ERROR]: Redis Client Error
2026-04-30T16:28:52.769Z [ERROR]: Redis Client Error
2026-04-30T16:28:53.069Z [ERROR]: Redis Client Error
2026-04-30T16:28:53.661Z [ERROR]: Redis Client Error
2026-04-30T16:28:54.553Z [ERROR]: Redis Client Error
2026-04-30T16:28:56.291Z [ERROR]: Redis Client Error
2026-04-30T16:28:58.457Z [ERROR]: Redis Client Error
2026-04-30T16:29:00.623Z [ERROR]: Redis Client Error
2026-04-30T16:29:02.714Z [ERROR]: Redis Client Error
2026-04-30T16:29:04.825Z [ERROR]: Redis Client Error
2026-04-30T16:29:07.000Z [ERROR]: Redis Client Error
2026-04-30T16:29:09.073Z [ERROR]: Redis Client Error
2026-04-30T16:29:11.200Z [ERROR]: Redis Client Error
2026-04-30T16:29:13.325Z [ERROR]: Redis Client Error
2026-04-30T16:29:15.457Z [ERROR]: Redis Client Error
2026-04-30T16:29:17.624Z [ERROR]: Redis Client Error
2026-04-30T16:29:19.706Z [ERROR]: Redis Client Error
2026-04-30T16:29:21.856Z [ERROR]: Redis Client Error
2026-04-30T16:29:23.972Z [ERROR]: Redis Client Error
2026-04-30T16:29:26.204Z [ERROR]: Redis Client Error
2026-04-30T16:29:28.414Z [ERROR]: Redis Client Error
2026-04-30T16:29:30.554Z [ERROR]: Redis Client Error
2026-04-30T16:29:32.704Z [ERROR]: Redis Client Error
2026-04-30T16:29:34.851Z [ERROR]: Redis Client Error
2026-04-30T16:29:36.914Z [ERROR]: Redis Client Error
2026-04-30T16:29:38.972Z [ERROR]: Redis Client Error
2026-04-30T16:29:40.991Z [ERROR]: Redis Client Error
2026-04-30T16:29:43.189Z [ERROR]: Redis Client Error
2026-04-30T16:29:45.267Z [ERROR]: Redis Client Error
2026-04-30T16:29:47.326Z [ERROR]: Redis Client Error
2026-04-30T16:29:49.397Z [ERROR]: Redis Client Error
2026-04-30T16:29:51.532Z [ERROR]: Redis Client Error
2026-04-30T16:29:53.735Z [ERROR]: Redis Client Error
2026-04-30T16:29:55.896Z [ERROR]: Redis Client Error
2026-05-01T09:46:48.549Z [ERROR]: Redis Client Error
2026-05-01T09:46:48.751Z [ERROR]: Redis Client Error
2026-05-01T09:46:48.884Z [ERROR]: Redis Client Error
2026-05-01T09:46:49.210Z [ERROR]: Redis Client Error
2026-05-01T09:46:49.798Z [ERROR]: Redis Client Error
2026-05-01T09:46:50.659Z [ERROR]: Redis Client Error
2026-05-03T11:55:53.331Z [ERROR]: Redis Client Error
2026-05-03T11:55:53.442Z [ERROR]: Redis Client Error
2026-05-03T11:55:53.681Z [ERROR]: Redis Client Error
2026-05-03T11:55:53.995Z [ERROR]: Redis Client Error
2026-05-03T11:55:54.559Z [ERROR]: Redis Client Error
2026-05-03T11:55:55.445Z [ERROR]: Redis Client Error
2026-05-03T11:55:57.223Z [ERROR]: Redis Client Error
2026-05-03T11:55:59.376Z [ERROR]: Redis Client Error
2026-05-03T11:56:01.504Z [ERROR]: Redis Client Error
2026-05-03T11:56:03.671Z [ERROR]: Redis Client Error
2026-05-03T11:56:05.773Z [ERROR]: Redis Client Error
2026-05-03T11:56:07.969Z [ERROR]: Redis Client Error
2026-05-03T11:56:10.022Z [ERROR]: Redis Client Error
2026-05-03T11:56:12.189Z [ERROR]: Redis Client Error
2026-05-03T11:56:14.254Z [ERROR]: Redis Client Error
2026-05-03T11:56:16.354Z [ERROR]: Redis Client Error
2026-05-03T11:56:18.402Z [ERROR]: Redis Client Error
2026-05-05T04:18:20.248Z [ERROR]: Redis Client Error
2026-05-05T04:18:20.361Z [ERROR]: Redis Client Error
2026-05-05T04:18:20.487Z [ERROR]: Redis Client Error
2026-05-05T04:18:20.801Z [ERROR]: Redis Client Error
2026-05-05T04:18:21.236Z [ERROR]: Redis Client Error
2026-05-05T04:18:22.146Z [ERROR]: Redis Client Error
2026-05-05T04:18:23.900Z [ERROR]: Redis Client Error
2026-05-05T04:18:26.016Z [ERROR]: Redis Client Error
2026-05-05T04:18:28.137Z [ERROR]: Redis Client Error
2026-05-05T04:18:30.322Z [ERROR]: Redis Client Error
2026-05-05T04:18:32.472Z [ERROR]: Redis Client Error
2026-05-05T04:18:34.524Z [ERROR]: Redis Client Error
2026-05-05T04:18:36.586Z [ERROR]: Redis Client Error
2026-05-05T04:18:39.380Z [ERROR]: Redis Client Error
2026-05-05T04:18:41.739Z [ERROR]: Redis Client Error
2026-05-05T04:18:43.881Z [ERROR]: Redis Client Error
2026-05-05T04:18:45.969Z [ERROR]: Redis Client Error
2026-05-05T04:18:48.125Z [ERROR]: Redis Client Error
2026-05-05T04:18:50.517Z [ERROR]: Redis Client Error
2026-05-05T04:18:52.863Z [ERROR]: Redis Client Error
2026-05-05T04:18:55.094Z [ERROR]: Redis Client Error
2026-05-05T04:18:57.311Z [ERROR]: Redis Client Error
2026-05-05T04:19:00.104Z [ERROR]: Redis Client Error
2026-05-05T04:19:02.461Z [ERROR]: Redis Client Error
2026-05-05T04:19:04.605Z [ERROR]: Redis Client Error
2026-05-05T04:19:06.694Z [ERROR]: Redis Client Error
2026-05-05T04:19:08.857Z [ERROR]: Redis Client Error
2026-05-05T04:19:11.057Z [ERROR]: Redis Client Error
2026-05-05T04:19:13.216Z [ERROR]: Redis Client Error
2026-05-21T08:01:50.484Z [ERROR]: Redis Client Error
2026-05-21T08:01:50.694Z [ERROR]: Redis Client Error
2026-05-21T08:01:51.008Z [ERROR]: Redis Client Error
2026-05-21T08:01:51.312Z [ERROR]: Redis Client Error
2026-05-21T08:01:51.909Z [ERROR]: Redis Client Error
2026-05-21T08:01:52.877Z [ERROR]: Redis Client Error
2026-05-21T08:01:54.596Z [ERROR]: Redis Client Error
2026-05-21T08:01:56.765Z [ERROR]: Redis Client Error
2026-05-21T08:01:58.877Z [ERROR]: Redis Client Error
2026-05-21T08:02:01.081Z [ERROR]: Redis Client Error
2026-05-21T08:02:03.272Z [ERROR]: Redis Client Error
2026-05-21T08:02:05.299Z [ERROR]: Redis Client Error
2026-05-21T08:02:07.356Z [ERROR]: Redis Client Error
2026-05-21T08:02:09.469Z [ERROR]: Redis Client Error
2026-05-21T08:02:11.650Z [ERROR]: Redis Client Error
2026-05-21T08:02:13.743Z [ERROR]: Redis Client Error
2026-05-21T08:02:15.863Z [ERROR]: Redis Client Error
2026-05-21T08:02:17.980Z [ERROR]: Redis Client Error
2026-05-21T08:02:20.175Z [ERROR]: Redis Client Error
2026-05-21T08:02:22.337Z [ERROR]: Redis Client Error
2026-05-21T08:02:24.488Z [ERROR]: Redis Client Error
2026-05-21T08:02:26.660Z [ERROR]: Redis Client Error
2026-05-21T08:02:28.846Z [ERROR]: Redis Client Error
2026-05-21T08:02:30.886Z [ERROR]: Redis Client Error
2026-05-21T08:02:33.115Z [ERROR]: Redis Client Error
2026-05-21T08:02:53.450Z [ERROR]: Redis Client Error Connection timeout
2026-05-21T08:10:19.928Z [ERROR]: Redis Client Error getaddrinfo ENOTFOUND red-d87bqqsm0tmc739od77g
2026-05-21T08:10:21.141Z [ERROR]: Redis Client Error getaddrinfo ENOTFOUND red-d87bqqsm0tmc739od77g
2026-05-21T08:10:22.579Z [ERROR]: Redis Client Error getaddrinfo ENOTFOUND red-d87bqqsm0tmc739od77g
2026-05-21T08:10:24.073Z [ERROR]: Redis Client Error getaddrinfo ENOTFOUND red-d87bqqsm0tmc739od77g
2026-05-21T08:10:25.687Z [ERROR]: Redis Client Error getaddrinfo ENOTFOUND red-d87bqqsm0tmc739od77g
2026-05-21T08:10:27.744Z [ERROR]: Redis Client Error getaddrinfo ENOTFOUND red-d87bqqsm0tmc739od77g
2026-05-21T08:10:30.653Z [ERROR]: Redis Client Error getaddrinfo ENOTFOUND red-d87bqqsm0tmc739od77g
2026-05-21T08:10:33.972Z [ERROR]: Redis Client Error getaddrinfo ENOTFOUND red-d87bqqsm0tmc739od77g
2026-05-21T08:10:37.316Z [ERROR]: Redis Client Error getaddrinfo ENOTFOUND red-d87bqqsm0tmc739od77g
2026-05-21T08:10:40.584Z [ERROR]: Redis Client Error getaddrinfo ENOTFOUND red-d87bqqsm0tmc739od77g
2026-05-21T08:10:43.795Z [ERROR]: Redis Client Error getaddrinfo ENOTFOUND red-d87bqqsm0tmc739od77g
2026-05-21T08:10:47.071Z [ERROR]: Redis Client Error getaddrinfo ENOTFOUND red-d87bqqsm0tmc739od77g
2026-05-21T08:10:50.320Z [ERROR]: Redis Client Error getaddrinfo ENOTFOUND red-d87bqqsm0tmc739od77g
2026-05-21T08:10:53.597Z [ERROR]: Redis Client Error getaddrinfo ENOTFOUND red-d87bqqsm0tmc739od77g
2026-05-21T08:10:56.799Z [ERROR]: Redis Client Error getaddrinfo ENOTFOUND red-d87bqqsm0tmc739od77g
2026-05-21T08:11:00.113Z [ERROR]: Redis Client Error getaddrinfo ENOTFOUND red-d87bqqsm0tmc739od77g
2026-05-21T08:11:03.407Z [ERROR]: Redis Client Error getaddrinfo ENOTFOUND red-d87bqqsm0tmc739od77g
2026-05-21T08:11:06.698Z [ERROR]: Redis Client Error getaddrinfo ENOTFOUND red-d87bqqsm0tmc739od77g
2026-05-21T08:11:09.865Z [ERROR]: Redis Client Error getaddrinfo ENOTFOUND red-d87bqqsm0tmc739od77g
2026-05-21T08:11:13.177Z [ERROR]: Redis Client Error getaddrinfo ENOTFOUND red-d87bqqsm0tmc739od77g
2026-05-21T08:11:19.113Z [ERROR]: Redis Client Error getaddrinfo ENOTFOUND red-d87bqqsm0tmc739od77g
2026-05-21T08:11:20.399Z [ERROR]: Redis Client Error getaddrinfo ENOTFOUND red-d87bqqsm0tmc739od77g
2026-05-21T08:11:21.768Z [ERROR]: Redis Client Error getaddrinfo ENOTFOUND red-d87bqqsm0tmc739od77g
2026-05-21T08:11:23.283Z [ERROR]: Redis Client Error getaddrinfo ENOTFOUND red-d87bqqsm0tmc739od77g
2026-05-21T08:11:24.850Z [ERROR]: Redis Client Error getaddrinfo ENOTFOUND red-d87bqqsm0tmc739od77g
2026-05-21T08:11:26.979Z [ERROR]: Redis Client Error getaddrinfo ENOTFOUND red-d87bqqsm0tmc739od77g
2026-05-21T08:11:29.804Z [ERROR]: Redis Client Error getaddrinfo ENOTFOUND red-d87bqqsm0tmc739od77g
2026-05-21T08:11:33.047Z [ERROR]: Redis Client Error getaddrinfo ENOTFOUND red-d87bqqsm0tmc739od77g
2026-05-21T08:11:36.309Z [ERROR]: Redis Client Error getaddrinfo ENOTFOUND red-d87bqqsm0tmc739od77g
2026-05-21T08:11:39.470Z [ERROR]: Redis Client Error getaddrinfo ENOTFOUND red-d87bqqsm0tmc739od77g
2026-05-21T08:11:42.752Z [ERROR]: Redis Client Error getaddrinfo ENOTFOUND red-d87bqqsm0tmc739od77g
2026-05-21T08:11:45.935Z [ERROR]: Redis Client Error getaddrinfo ENOTFOUND red-d87bqqsm0tmc739od77g
2026-05-21T08:11:49.283Z [ERROR]: Redis Client Error getaddrinfo ENOTFOUND red-d87bqqsm0tmc739od77g
2026-05-21T08:11:52.549Z [ERROR]: Redis Client Error getaddrinfo ENOTFOUND red-d87bqqsm0tmc739od77g
2026-05-21T08:11:55.864Z [ERROR]: Redis Client Error getaddrinfo ENOTFOUND red-d87bqqsm0tmc739od77g
2026-05-21T08:11:59.129Z [ERROR]: Redis Client Error getaddrinfo ENOTFOUND red-d87bqqsm0tmc739od77g
2026-05-21T08:12:02.344Z [ERROR]: Redis Client Error getaddrinfo ENOTFOUND red-d87bqqsm0tmc739od77g
2026-05-21T08:12:05.610Z [ERROR]: Redis Client Error getaddrinfo ENOTFOUND red-d87bqqsm0tmc739od77g
2026-05-21T08:12:08.910Z [ERROR]: Redis Client Error getaddrinfo ENOTFOUND red-d87bqqsm0tmc739od77g
2026-05-21T08:12:12.233Z [ERROR]: Redis Client Error getaddrinfo ENOTFOUND red-d87bqqsm0tmc739od77g
2026-05-21T08:12:15.471Z [ERROR]: Redis Client Error getaddrinfo ENOTFOUND red-d87bqqsm0tmc739od77g
2026-05-21T08:12:18.688Z [ERROR]: Redis Client Error getaddrinfo ENOTFOUND red-d87bqqsm0tmc739od77g
2026-05-21T08:12:21.877Z [ERROR]: Redis Client Error getaddrinfo ENOTFOUND red-d87bqqsm0tmc739od77g
2026-05-21T08:12:25.087Z [ERROR]: Redis Client Error getaddrinfo ENOTFOUND red-d87bqqsm0tmc739od77g
2026-05-21T08:12:28.291Z [ERROR]: Redis Client Error getaddrinfo ENOTFOUND red-d87bqqsm0tmc739od77g
2026-05-21T08:12:31.614Z [ERROR]: Redis Client Error getaddrinfo ENOTFOUND red-d87bqqsm0tmc739od77g
2026-05-21T08:12:34.814Z [ERROR]: Redis Client Error getaddrinfo ENOTFOUND red-d87bqqsm0tmc739od77g
2026-05-21T08:12:38.025Z [ERROR]: Redis Client Error getaddrinfo ENOTFOUND red-d87bqqsm0tmc739od77g
2026-05-21T08:12:41.223Z [ERROR]: Redis Client Error getaddrinfo ENOTFOUND red-d87bqqsm0tmc739od77g
2026-05-21T08:12:44.420Z [ERROR]: Redis Client Error getaddrinfo ENOTFOUND red-d87bqqsm0tmc739od77g
2026-05-21T08:12:47.597Z [ERROR]: Redis Client Error getaddrinfo ENOTFOUND red-d87bqqsm0tmc739od77g
2026-05-21T08:12:50.802Z [ERROR]: Redis Client Error getaddrinfo ENOTFOUND red-d87bqqsm0tmc739od77g
2026-05-21T08:12:54.123Z [ERROR]: Redis Client Error getaddrinfo ENOTFOUND red-d87bqqsm0tmc739od77g
2026-05-21T08:12:57.340Z [ERROR]: Redis Client Error getaddrinfo ENOTFOUND red-d87bqqsm0tmc739od77g
2026-05-21T08:13:00.556Z [ERROR]: Redis Client Error getaddrinfo ENOTFOUND red-d87bqqsm0tmc739od77g
2026-05-21T08:13:03.747Z [ERROR]: Redis Client Error getaddrinfo ENOTFOUND red-d87bqqsm0tmc739od77g
2026-05-21T08:13:06.955Z [ERROR]: Redis Client Error getaddrinfo ENOTFOUND red-d87bqqsm0tmc739od77g
2026-05-21T08:13:10.239Z [ERROR]: Redis Client Error getaddrinfo ENOTFOUND red-d87bqqsm0tmc739od77g
2026-05-21T08:13:13.569Z [ERROR]: Redis Client Error getaddrinfo ENOTFOUND red-d87bqqsm0tmc739od77g
2026-05-21T08:13:16.814Z [ERROR]: Redis Client Error getaddrinfo ENOTFOUND red-d87bqqsm0tmc739od77g
2026-05-21T08:13:20.050Z [ERROR]: Redis Client Error getaddrinfo ENOTFOUND red-d87bqqsm0tmc739od77g
2026-05-21T08:13:23.214Z [ERROR]: Redis Client Error getaddrinfo ENOTFOUND red-d87bqqsm0tmc739od77g
2026-05-21T08:13:26.386Z [ERROR]: Redis Client Error getaddrinfo ENOTFOUND red-d87bqqsm0tmc739od77g
2026-05-21T08:13:29.635Z [ERROR]: Redis Client Error getaddrinfo ENOTFOUND red-d87bqqsm0tmc739od77g
2026-05-21T08:13:32.816Z [ERROR]: Redis Client Error getaddrinfo ENOTFOUND red-d87bqqsm0tmc739od77g
2026-05-21T08:13:36.157Z [ERROR]: Redis Client Error getaddrinfo ENOTFOUND red-d87bqqsm0tmc739od77g
2026-05-21T08:13:39.345Z [ERROR]: Redis Client Error getaddrinfo ENOTFOUND red-d87bqqsm0tmc739od77g
2026-05-21T08:13:42.656Z [ERROR]: Redis Client Error getaddrinfo ENOTFOUND red-d87bqqsm0tmc739od77g
2026-05-21T08:13:45.860Z [ERROR]: Redis Client Error getaddrinfo ENOTFOUND red-d87bqqsm0tmc739od77g
2026-05-21T08:13:49.188Z [ERROR]: Redis Client Error getaddrinfo ENOTFOUND red-d87bqqsm0tmc739od77g
2026-05-21T08:13:52.375Z [ERROR]: Redis Client Error getaddrinfo ENOTFOUND red-d87bqqsm0tmc739od77g
2026-05-21T08:13:55.715Z [ERROR]: Redis Client Error getaddrinfo ENOTFOUND red-d87bqqsm0tmc739od77g
2026-05-21T08:13:59.020Z [ERROR]: Redis Client Error getaddrinfo ENOTFOUND red-d87bqqsm0tmc739od77g
2026-05-21T08:14:02.235Z [ERROR]: Redis Client Error getaddrinfo ENOTFOUND red-d87bqqsm0tmc739od77g
2026-05-21T08:14:05.468Z [ERROR]: Redis Client Error getaddrinfo ENOTFOUND red-d87bqqsm0tmc739od77g
2026-05-21T08:14:08.619Z [ERROR]: Redis Client Error getaddrinfo ENOTFOUND red-d87bqqsm0tmc739od77g
2026-05-21T08:14:11.876Z [ERROR]: Redis Client Error getaddrinfo ENOTFOUND red-d87bqqsm0tmc739od77g
2026-05-21T08:14:15.109Z [ERROR]: Redis Client Error getaddrinfo ENOTFOUND red-d87bqqsm0tmc739od77g
2026-05-21T08:14:18.400Z [ERROR]: Redis Client Error getaddrinfo ENOTFOUND red-d87bqqsm0tmc739od77g
2026-05-21T08:14:23.626Z [ERROR]: Redis Client Error getaddrinfo ENOTFOUND red-d87bqqsm0tmc739od77g
2026-05-21T08:14:24.937Z [ERROR]: Redis Client Error getaddrinfo ENOTFOUND red-d87bqqsm0tmc739od77g
2026-05-21T08:14:26.395Z [ERROR]: Redis Client Error getaddrinfo ENOTFOUND red-d87bqqsm0tmc739od77g
2026-05-21T08:14:27.806Z [ERROR]: Redis Client Error getaddrinfo ENOTFOUND red-d87bqqsm0tmc739od77g
2026-05-21T08:14:29.443Z [ERROR]: Redis Client Error getaddrinfo ENOTFOUND red-d87bqqsm0tmc739od77g
2026-05-21T08:14:31.459Z [ERROR]: Redis Client Error getaddrinfo ENOTFOUND red-d87bqqsm0tmc739od77g
2026-05-21T08:14:34.357Z [ERROR]: Redis Client Error getaddrinfo ENOTFOUND red-d87bqqsm0tmc739od77g
2026-05-21T08:14:37.677Z [ERROR]: Redis Client Error getaddrinfo ENOTFOUND red-d87bqqsm0tmc739od77g
2026-05-21T08:14:40.969Z [ERROR]: Redis Client Error getaddrinfo ENOTFOUND red-d87bqqsm0tmc739od77g
2026-05-21T08:14:44.329Z [ERROR]: Redis Client Error getaddrinfo ENOTFOUND red-d87bqqsm0tmc739od77g
2026-05-21T08:14:47.510Z [ERROR]: Redis Client Error getaddrinfo ENOTFOUND red-d87bqqsm0tmc739od77g
2026-05-21T08:14:50.678Z [ERROR]: Redis Client Error getaddrinfo ENOTFOUND red-d87bqqsm0tmc739od77g
2026-05-21T08:14:54.959Z [ERROR]: Redis Client Error getaddrinfo ENOTFOUND red-d87bqqsm0tmc739od77g
2026-05-21T08:14:56.312Z [ERROR]: Redis Client Error getaddrinfo ENOTFOUND red-d87bqqsm0tmc739od77g
2026-05-21T08:14:57.606Z [ERROR]: Redis Client Error getaddrinfo ENOTFOUND red-d87bqqsm0tmc739od77g
2026-05-21T08:14:58.985Z [ERROR]: Redis Client Error getaddrinfo ENOTFOUND red-d87bqqsm0tmc739od77g
2026-05-21T08:15:00.572Z [ERROR]: Redis Client Error getaddrinfo ENOTFOUND red-d87bqqsm0tmc739od77g
2026-05-21T08:22:15.804Z [ERROR]: Redis Client Error Connection timeout
2026-05-21T08:22:20.945Z [ERROR]: Redis Client Error Connection timeout
2026-05-21T08:22:26.119Z [ERROR]: Redis Client Error Connection timeout
2026-05-21T08:22:31.533Z [ERROR]: Redis Client Error Connection timeout
2026-05-21T08:22:37.090Z [ERROR]: Redis Client Error Connection timeout
2026-05-21T08:22:43.091Z [ERROR]: Redis Client Error Connection timeout
2026-05-21T08:22:49.906Z [ERROR]: Redis Client Error Connection timeout
2026-05-21T08:22:57.003Z [ERROR]: Redis Client Error Connection timeout
2026-05-21T08:23:04.184Z [ERROR]: Redis Client Error Connection timeout
2026-05-21T08:23:11.289Z [ERROR]: Redis Client Error Connection timeout
2026-05-21T08:23:18.329Z [ERROR]: Redis Client Error Connection timeout
2026-05-21T08:23:25.473Z [ERROR]: Redis Client Error Connection timeout
2026-05-21T08:23:32.670Z [ERROR]: Redis Client Error Connection timeout
2026-05-21T08:23:39.815Z [ERROR]: Redis Client Error Connection timeout
2026-05-21T08:23:47.051Z [ERROR]: Redis Client Error Connection timeout
2026-05-21T08:23:54.215Z [ERROR]: Redis Client Error Connection timeout
2026-05-21T08:24:01.431Z [ERROR]: Redis Client Error Connection timeout
2026-05-21T08:24:08.718Z [ERROR]: Redis Client Error Connection timeout
2026-05-21T08:24:15.780Z [ERROR]: Redis Client Error Connection timeout
2026-05-21T08:24:22.986Z [ERROR]: Redis Client Error Connection timeout
2026-05-21T08:24:48.614Z [ERROR]: Redis Client Error Connection timeout
2026-05-21T08:24:53.879Z [ERROR]: Redis Client Error Connection timeout
2026-05-21T08:24:59.129Z [ERROR]: Redis Client Error Connection timeout
2026-05-21T08:25:04.477Z [ERROR]: Redis Client Error Connection timeout
2026-05-21T08:25:09.937Z [ERROR]: Redis Client Error Connection timeout
2026-05-21T08:25:15.841Z [ERROR]: Redis Client Error Connection timeout
2026-05-21T08:25:22.604Z [ERROR]: Redis Client Error Connection timeout
2026-05-21T08:25:29.720Z [ERROR]: Redis Client Error Connection timeout
2026-05-21T08:25:36.836Z [ERROR]: Redis Client Error Connection timeout
2026-05-21T08:25:44.002Z [ERROR]: Redis Client Error Connection timeout
2026-05-21T08:25:57.386Z [ERROR]: Redis Client Error Connection timeout
2026-05-21T08:26:02.553Z [ERROR]: Redis Client Error Connection timeout
2026-05-21T08:26:07.816Z [ERROR]: Redis Client Error Connection timeout
2026-05-21T08:26:13.219Z [ERROR]: Redis Client Error Connection timeout
2026-05-21T08:26:18.814Z [ERROR]: Redis Client Error Connection timeout
2026-05-21T08:26:24.743Z [ERROR]: Redis Client Error Connection timeout
2026-05-21T08:26:31.377Z [ERROR]: Redis Client Error Connection timeout
2026-05-21T08:26:38.611Z [ERROR]: Redis Client Error Connection timeout
2026-05-21T08:26:45.632Z [ERROR]: Redis Client Error Connection timeout
2026-05-21T08:26:52.703Z [ERROR]: Redis Client Error Connection timeout
2026-05-21T08:26:59.928Z [ERROR]: Redis Client Error Connection timeout
